<?xml version="1.0" encoding="UTF-8"?>
<testsuites tests="4" failures="0" disabled="0" errors="0" timestamp="2023-04-27T06:59:44" time="0" name="AllTests">
  <testsuite name="BasicStringTest" tests="4" failures="0" disabled="0" errors="0" time="0">
    <testcase name="TypeIsAvailableAndCompilable" status="run" time="0" classname="BasicStringTest" />
    <testcase name="SwapOverloadWorks" status="run" time="0" classname="BasicStringTest" />
    <testcase name="ConstructWithCustomStatelessAllocator" status="run" time="0" classname="BasicStringTest" />
    <testcase name="ConstructWithCustomStatefulAllocator" status="run" time="0" classname="BasicStringTest" />
  </testsuite>
</testsuites>
