<?xml version="1.0" encoding="UTF-8"?>
<testsuites tests="72" failures="0" disabled="0" errors="0" timestamp="2023-04-27T06:59:44" time="0.001" name="AllTests">
  <testsuite name="StringViewTest" tests="72" failures="0" disabled="0" errors="0" time="0.001">
    <testcase name="DefaultConstructor" status="run" time="0" classname="StringViewTest" />
    <testcase name="ConstructFromArrayWithSize" status="run" time="0" classname="StringViewTest" />
    <testcase name="ConstructFromArrayWithoutSize" status="run" time="0" classname="StringViewTest" />
    <testcase name="CopyConstructor" status="run" time="0" classname="StringViewTest" />
    <testcase name="AssignmentOperator" status="run" time="0" classname="StringViewTest" />
    <testcase name="IndexOperator" status="run" time="0" classname="StringViewTest" />
    <testcase name="At" status="run" time="0" classname="StringViewTest" />
    <testcase name="Front" status="run" time="0" classname="StringViewTest" />
    <testcase name="Back" status="run" time="0" classname="StringViewTest" />
    <testcase name="Data" status="run" time="0" classname="StringViewTest" />
    <testcase name="SizeAndLengthAreIdentical" status="run" time="0" classname="StringViewTest" />
    <testcase name="Empty" status="run" time="0" classname="StringViewTest" />
    <testcase name="RemovePrefix" status="run" time="0" classname="StringViewTest" />
    <testcase name="RemoveSuffix" status="run" time="0" classname="StringViewTest" />
    <testcase name="Swap" status="run" time="0" classname="StringViewTest" />
    <testcase name="Substr" status="run" time="0" classname="StringViewTest" />
    <testcase name="compare" status="run" time="0" classname="StringViewTest" />
    <testcase name="FindStringView" status="run" time="0" classname="StringViewTest" />
    <testcase name="FindChar" status="run" time="0" classname="StringViewTest" />
    <testcase name="FindSizedCharSegment" status="run" time="0" classname="StringViewTest" />
    <testcase name="FindCharSegment" status="run" time="0" classname="StringViewTest" />
    <testcase name="RFindStringView" status="run" time="0" classname="StringViewTest" />
    <testcase name="RFindChar" status="run" time="0" classname="StringViewTest" />
    <testcase name="RFindSizedCharSegment" status="run" time="0" classname="StringViewTest" />
    <testcase name="RFindCharSegment" status="run" time="0" classname="StringViewTest" />
    <testcase name="FindFirstOfStringView" status="run" time="0" classname="StringViewTest" />
    <testcase name="FindFirstOfChar" status="run" time="0" classname="StringViewTest" />
    <testcase name="FindFirstOfSizedCharSegment" status="run" time="0" classname="StringViewTest" />
    <testcase name="FindFirstOfCharSegment" status="run" time="0" classname="StringViewTest" />
    <testcase name="FindLastOfStringView" status="run" time="0" classname="StringViewTest" />
    <testcase name="FindLastOfChar" status="run" time="0" classname="StringViewTest" />
    <testcase name="FindLastOfSizedCharSegment" status="run" time="0" classname="StringViewTest" />
    <testcase name="FindLastOfCharSegment" status="run" time="0" classname="StringViewTest" />
    <testcase name="FindFirstNotOfStringView" status="run" time="0" classname="StringViewTest" />
    <testcase name="FindFirstNotOfChar" status="run" time="0" classname="StringViewTest" />
    <testcase name="FindFirstNotOfSizedCharSegment" status="run" time="0" classname="StringViewTest" />
    <testcase name="FindFirstNotOfCharSegment" status="run" time="0" classname="StringViewTest" />
    <testcase name="FindLastNotOfStringView" status="run" time="0" classname="StringViewTest" />
    <testcase name="FindLastNotOfChar" status="run" time="0" classname="StringViewTest" />
    <testcase name="FindLastNotOfSizedCharSegment" status="run" time="0" classname="StringViewTest" />
    <testcase name="FindLastNotOfCharSegment" status="run" time="0" classname="StringViewTest" />
    <testcase name="ConstexprCreate" status="run" time="0.001" classname="StringViewTest" />
    <testcase name="ConstexprSubstr" status="run" time="0" classname="StringViewTest" />
    <testcase name="ConstexprCompare" status="run" time="0" classname="StringViewTest" />
    <testcase name="Copy" status="run" time="0" classname="StringViewTest" />
    <testcase name="CompareWithStringView" status="run" time="0" classname="StringViewTest" />
    <testcase name="StreamOperator" status="run" time="0" classname="StringViewTest" />
    <testcase name="cbegin" status="run" time="0" classname="StringViewTest" />
    <testcase name="cend" status="run" time="0" classname="StringViewTest" />
    <testcase name="rbegin" status="run" time="0" classname="StringViewTest" />
    <testcase name="crbegin" status="run" time="0" classname="StringViewTest" />
    <testcase name="max_size" status="run" time="0" classname="StringViewTest" />
    <testcase name="compare1" status="run" time="0" classname="StringViewTest" />
    <testcase name="compare2" status="run" time="0" classname="StringViewTest" />
    <testcase name="compare3" status="run" time="0" classname="StringViewTest" />
    <testcase name="compare4" status="run" time="0" classname="StringViewTest" />
    <testcase name="compare5" status="run" time="0" classname="StringViewTest" />
    <testcase name="basic_string_view" status="run" time="0" classname="StringViewTest" />
    <testcase name="begin" status="run" time="0" classname="StringViewTest" />
    <testcase name="crend" status="run" time="0" classname="StringViewTest" />
    <testcase name="ComparatorOperator" status="run" time="0" classname="StringViewTest" />
    <testcase name="NotEqualToOperator" status="run" time="0" classname="StringViewTest" />
    <testcase name="StringViewAndIdentity" status="run" time="0" classname="StringViewTest" />
    <testcase name="IdentityAndStringView" status="run" time="0" classname="StringViewTest" />
    <testcase name="NotEqualToStringViewAndIdentity" status="run" time="0" classname="StringViewTest" />
    <testcase name="NotEqualToIdentityAndStringView" status="run" time="0" classname="StringViewTest" />
    <testcase name="rend" status="run" time="0" classname="StringViewTest" />
    <testcase name="LessThanOperator" status="run" time="0" classname="StringViewTest" />
    <testcase name="GreaterThanOperator" status="run" time="0" classname="StringViewTest" />
    <testcase name="LessThanEqualToOperator" status="run" time="0" classname="StringViewTest" />
    <testcase name="GreaterThanEqualToOperator" status="run" time="0" classname="StringViewTest" />
    <testcase name="max_size1" status="run" time="0" classname="StringViewTest" />
  </testsuite>
</testsuites>
