<?xml version="1.0" encoding="UTF-8"?>
<testsuites tests="443" failures="0" disabled="0" errors="0" timestamp="2023-04-27T06:59:44" time="0.007" name="AllTests">
  <testsuite name="string_test" tests="2" failures="0" disabled="0" errors="0" time="0">
    <testcase name="CapacityReturnsSpecifiedCapacity" status="run" time="0" classname="string_test" TEST_ID="6eed7f1a-c8d9-4902-ac22-405a3bd62d28" />
    <testcase name="UnsafeCharToStringConstrIncludingNullCharWithCountResultsInSizeCount" status="run" time="0" classname="string_test" TEST_ID="548eb26e-39b0-4c35-ad80-7665cde80361" />
  </testsuite>
  <testsuite name="stringTyped_test/0" tests="109" failures="0" disabled="0" errors="0" time="0.001">
    <testcase name="EmptyInitializationResultsInSize0" type_param="ara::core::FixedString&lt;1ul&gt;" status="run" time="0" classname="stringTyped_test/0" TEST_ID="4a1a3850-b151-4f11-8208-b286e403847d" />
    <testcase name="EmptyInitializationResultsInEmptyString" type_param="ara::core::FixedString&lt;1ul&gt;" status="run" time="0" classname="stringTyped_test/0" TEST_ID="b4833ccc-814c-408e-a469-9950550703b9" />
    <testcase name="CopyConstructEmptyStringResultsInSize0" type_param="ara::core::FixedString&lt;1ul&gt;" status="run" time="0" classname="stringTyped_test/0" TEST_ID="8a88b069-4c7c-425a-b515-35deeaacaae5" />
    <testcase name="CopyConstructStringOfSizeCapaResultsInSizeCapa" type_param="ara::core::FixedString&lt;1ul&gt;" status="run" time="0" classname="stringTyped_test/0" TEST_ID="0d6bc778-8a1e-4eb5-8f87-0ebf45c5116e" />
    <testcase name="MoveConstructionWithStringOfSize0Works" type_param="ara::core::FixedString&lt;1ul&gt;" status="run" time="0" classname="stringTyped_test/0" TEST_ID="1857ab80-bb27-4e4d-8f11-6ddf94b0cfaf" />
    <testcase name="MoveConstructionWithStringOfSizeSmallerCapaWorks" type_param="ara::core::FixedString&lt;1ul&gt;" status="run" time="0" classname="stringTyped_test/0" TEST_ID="cb79ff56-d10f-4bb3-85a5-08c1ccc6947a" />
    <testcase name="MoveConstructionWithStringOfSizeCapaWorks" type_param="ara::core::FixedString&lt;1ul&gt;" status="run" time="0" classname="stringTyped_test/0" TEST_ID="f313dd8a-7dc4-40e3-8203-e099e2a05305" />
    <testcase name="SelfCopyAssignmentExcluded" type_param="ara::core::FixedString&lt;1ul&gt;" status="run" time="0" classname="stringTyped_test/0" TEST_ID="51b70520-fc11-4948-8fdf-643c638a81b9" />
    <testcase name="CopyAssignmentWithStringOfSize0Works" type_param="ara::core::FixedString&lt;1ul&gt;" status="run" time="0" classname="stringTyped_test/0" TEST_ID="fdfca1c5-8293-4e14-beef-519729e71420" />
    <testcase name="CopyAssignmentWithStringOfSizeSmallerCapaWorks" type_param="ara::core::FixedString&lt;1ul&gt;" status="run" time="0" classname="stringTyped_test/0" TEST_ID="b9b030db-e760-42ab-adbd-311cb5293a2e" />
    <testcase name="CopyAssignmentWithStringOfSizeCapaWorks" type_param="ara::core::FixedString&lt;1ul&gt;" status="run" time="0" classname="stringTyped_test/0" TEST_ID="10fa4f3d-089c-4d10-83e9-5a37f7d5f0ec" />
    <testcase name="SelfMoveAssignmentExcluded" type_param="ara::core::FixedString&lt;1ul&gt;" status="run" time="0" classname="stringTyped_test/0" TEST_ID="0ad45975-b68b-465a-b8c5-83dd8d8290d5" />
    <testcase name="MoveAssignmentOfStringWithSize0ResultsInSize0" type_param="ara::core::FixedString&lt;1ul&gt;" status="run" time="0" classname="stringTyped_test/0" TEST_ID="7170b9d6-ff73-4e3f-a6d1-b66f6de21dcd" />
    <testcase name="MoveAssignmentOfStringWithSmallerSizeResultsInSmallerSize" type_param="ara::core::FixedString&lt;1ul&gt;" status="run" time="0" classname="stringTyped_test/0" TEST_ID="ca455516-5ca6-4882-933b-082769eb975a" />
    <testcase name="MoveAssignmentOfStringWithSizeCapaResultsInSizeCapa" type_param="ara::core::FixedString&lt;1ul&gt;" status="run" time="0" classname="stringTyped_test/0" TEST_ID="375944b8-6817-44d4-8a05-de9e0235c503" />
    <testcase name="CharToStringConvConstrWithSize0ResultsInSize0" type_param="ara::core::FixedString&lt;1ul&gt;" status="run" time="0" classname="stringTyped_test/0" TEST_ID="29e9f7b8-a1c7-4462-81d0-52ef34a8b883" />
    <testcase name="CharToStringConvConstrWithSizeCapaResultsInSizeCapa" type_param="ara::core::FixedString&lt;1ul&gt;" status="run" time="0" classname="stringTyped_test/0" TEST_ID="de81475a-527e-43e0-97b8-faf7a9300204" />
    <testcase name="UnsafeCharToStringConvConstrWithSize0ResultsInSize0" type_param="ara::core::FixedString&lt;1ul&gt;" status="run" time="0" classname="stringTyped_test/0" TEST_ID="3ed6360e-c4a0-474b-8ed7-e6b4e129a6c0" />
    <testcase name="UnsafeCharToStringConvConstrWithSizeCapaResultsInSizeCapa" type_param="ara::core::FixedString&lt;1ul&gt;" status="run" time="0" classname="stringTyped_test/0" TEST_ID="5c417b37-ee9d-42f9-bb25-c59c6929d4ca" />
    <testcase name="UnsafeCharToStringConvConstrWithSizeGreaterCapaResultsInSizeCapa" type_param="ara::core::FixedString&lt;1ul&gt;" status="run" time="0" classname="stringTyped_test/0" TEST_ID="5e0a2022-ea15-43d5-aae8-980a75be6122" />
    <testcase name="UnsafeCharToStringConvConstrWithNullPtrResultsEmptyString" type_param="ara::core::FixedString&lt;1ul&gt;" status="run" time="0" classname="stringTyped_test/0" TEST_ID="c6bbcbc6-e049-4c2c-bf84-8d89dcf42ce8" />
    <testcase name="UnsafeSTDStringToStringConvConstrWithSize0ResultsInSize0" type_param="ara::core::FixedString&lt;1ul&gt;" status="run" time="0" classname="stringTyped_test/0" TEST_ID="83e1b7b2-8487-4c71-ac86-f4d5d98c1918" />
    <testcase name="UnsafeSTDStringToStringConvConstrWithSizeSmallerCapaResultsInSizeSmallerCapa" type_param="ara::core::FixedString&lt;1ul&gt;" status="run" time="0" classname="stringTyped_test/0" TEST_ID="1bd6cd60-0487-4ba2-9e51-3a9297078454" />
    <testcase name="UnsafeSTDStringToStringConvConstrWithSizeCapaResultsInSizeCapa" type_param="ara::core::FixedString&lt;1ul&gt;" status="run" time="0" classname="stringTyped_test/0" TEST_ID="afa37f19-fde0-40ab-b1bd-10862f623ae7" />
    <testcase name="UnsafeSTDStringToStringConvConstrWithSizeGreaterCapaResultsInSizeCapa" type_param="ara::core::FixedString&lt;1ul&gt;" status="run" time="0" classname="stringTyped_test/0" TEST_ID="67cba3f0-30ed-415d-8232-8e8b5898fe04" />
    <testcase name="UnsafeCharToStringConstrWithCount0ResultsInSize0" type_param="ara::core::FixedString&lt;1ul&gt;" status="run" time="0" classname="stringTyped_test/0" TEST_ID="6cbd9ee8-f015-41ce-8a2c-b8c023b0722a" />
    <testcase name="UnsafeCharToStringConstrWithCountEqCapaResultsInSizeCapa" type_param="ara::core::FixedString&lt;1ul&gt;" status="run" time="0" classname="stringTyped_test/0" TEST_ID="0e62c9fe-78e7-4b6d-8c31-27270dca7581" />
    <testcase name="UnsafeCharToStringConstrWithCountGreaterCapaResultsInSizeCapa" type_param="ara::core::FixedString&lt;1ul&gt;" status="run" time="0" classname="stringTyped_test/0" TEST_ID="d2d321ed-8ee3-4337-a7c9-4785b5ae9a67" />
    <testcase name="UnsafeCharToStringConstrWithNullPtrResultsEmptyString" type_param="ara::core::FixedString&lt;1ul&gt;" status="run" time="0" classname="stringTyped_test/0" TEST_ID="cd772d2a-b6db-4b9d-b90d-f2a0aca4aaf6" />
    <testcase name="AssignCStringOfSize0WithOperatorResultsInSize0" type_param="ara::core::FixedString&lt;1ul&gt;" status="run" time="0" classname="stringTyped_test/0" TEST_ID="49d08010-7a31-472d-bd99-6c6e7c49aad5" />
    <testcase name="AssignCStringOfSizeCapaWithOperatorResultsInSizeCapa" type_param="ara::core::FixedString&lt;1ul&gt;" status="run" time="0" classname="stringTyped_test/0" TEST_ID="19b0a4af-acfa-4d9b-b432-145ab1e7f59d" />
    <testcase name="SelfAssignmentIsExcluded" type_param="ara::core::FixedString&lt;1ul&gt;" status="run" time="0" classname="stringTyped_test/0" TEST_ID="32c07349-3924-4b86-9ce8-21247c8148b9" />
    <testcase name="AssignStringOfSize0ResultsInSize0" type_param="ara::core::FixedString&lt;1ul&gt;" status="run" time="0" classname="stringTyped_test/0" TEST_ID="ee981dcb-80ab-439e-a3bf-a52a591b7dbb" />
    <testcase name="AssignStringOfSizeCapaResultsInSizeCapa" type_param="ara::core::FixedString&lt;1ul&gt;" status="run" time="0" classname="stringTyped_test/0" TEST_ID="75803631-93e8-4555-84d1-cdb44d88adc4" />
    <testcase name="AssignStringOfSize0AndSmallerCapaResultsInSize0" type_param="ara::core::FixedString&lt;1ul&gt;" status="run" time="0" classname="stringTyped_test/0" TEST_ID="d66ee5d5-03ac-4485-ac73-b8b6f044d38a" />
    <testcase name="AssignStringWithSmallerCapaWorks" type_param="ara::core::FixedString&lt;1ul&gt;" status="run" time="0" classname="stringTyped_test/0" TEST_ID="d7bdad39-fd7f-4b32-9e3f-60e6cd246bdc" />
    <testcase name="FreshlyAssignNothingResultsInZeroSize" type_param="ara::core::FixedString&lt;1ul&gt;" status="run" time="0" classname="stringTyped_test/0" TEST_ID="c0df23ee-86f8-4821-b577-38bad21c2e77" />
    <testcase name="ReassignNothingResultsInZeroSize" type_param="ara::core::FixedString&lt;1ul&gt;" status="run" time="0" classname="stringTyped_test/0" TEST_ID="854089ee-bf0f-432c-96ce-20e83e09181c" />
    <testcase name="AssignCStringOfSizeCapaResultsInSizeCapa" type_param="ara::core::FixedString&lt;1ul&gt;" status="run" time="0" classname="stringTyped_test/0" TEST_ID="25f4f306-2303-4cc8-a42b-d0cbb600d833" />
    <testcase name="UnsafeAssignOfCStringOfSize0ResultsInSize0" type_param="ara::core::FixedString&lt;1ul&gt;" status="run" time="0" classname="stringTyped_test/0" TEST_ID="861aa3a2-4fa3-401a-b6af-2ddbb3139f69" />
    <testcase name="UnsafeAssignOfCStringOfSize1ResultsInSize1" type_param="ara::core::FixedString&lt;1ul&gt;" status="run" time="0" classname="stringTyped_test/0" TEST_ID="7b09a56c-1706-43b9-85d0-6c8bdf79f1b2" />
    <testcase name="UnsafeAssignCStringOfSizeCapaResultsInSizeCapa" type_param="ara::core::FixedString&lt;1ul&gt;" status="run" time="0" classname="stringTyped_test/0" TEST_ID="422a0400-0862-441f-a7d0-20272856800f" />
    <testcase name="UnsafeAssignCStringOfSizeGreaterCapaResultsInSize0" type_param="ara::core::FixedString&lt;1ul&gt;" status="run" time="0" classname="stringTyped_test/0" TEST_ID="6012209b-87f8-4796-b9ec-336881cf7e24" />
    <testcase name="UnsafeAssignOfInvalidCStringFails" type_param="ara::core::FixedString&lt;1ul&gt;" status="run" time="0" classname="stringTyped_test/0" TEST_ID="863d38e5-5c5f-4a78-a2ca-155205bb9ecc" />
    <testcase name="UnsafeAssignOfCharPointerPointingToSameAddress" type_param="ara::core::FixedString&lt;1ul&gt;" status="run" time="0" classname="stringTyped_test/0" TEST_ID="a129add2-4d8e-4953-ba28-b78ece5a2f02" />
    <testcase name="UnsafeAssignOfNullptrFails" type_param="ara::core::FixedString&lt;1ul&gt;" status="run" time="0" classname="stringTyped_test/0" TEST_ID="140e5402-c6b5-4a07-a0f7-2a10f6d307fb" />
    <testcase name="UnsafeAssignOfSTDStringOfSize0ResultsInSize0" type_param="ara::core::FixedString&lt;1ul&gt;" status="run" time="0.001" classname="stringTyped_test/0" TEST_ID="709e4c86-963b-495e-a81c-c09a84cb2320" />
    <testcase name="UnsafeAssignOfSTDStringOfSize1ResultsInSize1" type_param="ara::core::FixedString&lt;1ul&gt;" status="run" time="0" classname="stringTyped_test/0" TEST_ID="84dc3655-a4c8-46bc-afd2-059501da1c86" />
    <testcase name="UnsafeAssignSTDStringOfSizeCapaResultsInSizeCapa" type_param="ara::core::FixedString&lt;1ul&gt;" status="run" time="0" classname="stringTyped_test/0" TEST_ID="27011e92-813a-410a-ba14-fec7dfefe942" />
    <testcase name="UnsafeAssignSTDStringOfSizeGreaterCapaResultsInSize0" type_param="ara::core::FixedString&lt;1ul&gt;" status="run" time="0" classname="stringTyped_test/0" TEST_ID="72dbeffb-5787-41cf-9998-b745d8683bb4" />
    <testcase name="AssignOfInvalidSTDStringFails" type_param="ara::core::FixedString&lt;1ul&gt;" status="run" time="0" classname="stringTyped_test/0" TEST_ID="c16cec0c-40b5-43cb-adab-f95e11b96b8e" />
    <testcase name="CompareEqStringsResultsInZero" type_param="ara::core::FixedString&lt;1ul&gt;" status="run" time="0" classname="stringTyped_test/0" TEST_ID="8271fa31-3301-4d2e-a290-a4b61a70dfb5" />
    <testcase name="CompareResultNegative" type_param="ara::core::FixedString&lt;1ul&gt;" status="run" time="0" classname="stringTyped_test/0" TEST_ID="b17fc495-a82b-4ee8-af17-28afaabd3f0e" />
    <testcase name="CompareResultPositive" type_param="ara::core::FixedString&lt;1ul&gt;" status="run" time="0" classname="stringTyped_test/0" TEST_ID="ff95b244-937a-4519-90d8-8c82acf01b6b" />
    <testcase name="CompareWithEmptyStringResultsInPositive" type_param="ara::core::FixedString&lt;1ul&gt;" status="run" time="0" classname="stringTyped_test/0" TEST_ID="0495349d-2e63-442f-8214-b44d249f057f" />
    <testcase name="CompareEqStringsWithDifferentCapaResultsInZero" type_param="ara::core::FixedString&lt;1ul&gt;" status="run" time="0" classname="stringTyped_test/0" TEST_ID="ddf78ea1-b5cd-44fd-9320-6801893c30e7" />
    <testcase name="CompareResultNegativeWithDifferentCapa" type_param="ara::core::FixedString&lt;1ul&gt;" status="run" time="0" classname="stringTyped_test/0" TEST_ID="a0499ebc-249c-4b31-a1b0-0e34035e77f2" />
    <testcase name="CompareResultPositiveWithDifferentCapa" type_param="ara::core::FixedString&lt;1ul&gt;" status="run" time="0" classname="stringTyped_test/0" TEST_ID="97fed2cb-4f25-4732-9bbe-4d710b9a35f7" />
    <testcase name="CompareWithEmptyStringOfDifferentCapaResultsInPositive" type_param="ara::core::FixedString&lt;1ul&gt;" status="run" time="0" classname="stringTyped_test/0" TEST_ID="9d54c681-fc19-444b-8e1b-059ff6237a8f" />
    <testcase name="CompareOperatorEqualResultTrue" type_param="ara::core::FixedString&lt;1ul&gt;" status="run" time="0" classname="stringTyped_test/0" TEST_ID="149069dd-a2f2-441a-9d16-30aa038a7c5e" />
    <testcase name="CompareOperatorEqualResultFalse" type_param="ara::core::FixedString&lt;1ul&gt;" status="run" time="0" classname="stringTyped_test/0" TEST_ID="30c9bb50-03ea-437e-99c8-c663ed62340b" />
    <testcase name="CompareOperatorEqualResultTrueWithDifferentCapa" type_param="ara::core::FixedString&lt;1ul&gt;" status="run" time="0" classname="stringTyped_test/0" TEST_ID="10ce496d-635e-4aeb-9969-95881d1efc87" />
    <testcase name="CompareOperatorEqualResultFalseWithDifferentCapa" type_param="ara::core::FixedString&lt;1ul&gt;" status="run" time="0" classname="stringTyped_test/0" TEST_ID="15444c15-7319-4224-8519-091d2b47da22" />
    <testcase name="CompareOperatorNotEqualResultFalse" type_param="ara::core::FixedString&lt;1ul&gt;" status="run" time="0" classname="stringTyped_test/0" TEST_ID="b31770c0-2695-4fd6-b5b6-cae479852417" />
    <testcase name="CompareOperatorNotEqualResultTrue" type_param="ara::core::FixedString&lt;1ul&gt;" status="run" time="0" classname="stringTyped_test/0" TEST_ID="57db46d4-df73-49da-aa43-0dfc8ff04f44" />
    <testcase name="CompareOperatorNotEqualResultFalseWithDifferentCapa" type_param="ara::core::FixedString&lt;1ul&gt;" status="run" time="0" classname="stringTyped_test/0" TEST_ID="f5b53871-4bb0-4f2a-adea-e5335c6c4611" />
    <testcase name="CompareOperatorNotEqualResultTrueWithDifferentCapa" type_param="ara::core::FixedString&lt;1ul&gt;" status="run" time="0" classname="stringTyped_test/0" TEST_ID="394d3dd9-2304-4608-9f29-12cfaacaeef7" />
    <testcase name="CompareOperatorlessResultTrue" type_param="ara::core::FixedString&lt;1ul&gt;" status="run" time="0" classname="stringTyped_test/0" TEST_ID="cb8495ba-f2f9-4e7c-a017-f8295fcff518" />
    <testcase name="CompareOperatorlessResultFalse" type_param="ara::core::FixedString&lt;1ul&gt;" status="run" time="0" classname="stringTyped_test/0" TEST_ID="6bf80f49-f637-4207-900e-2cfec89eb556" />
    <testcase name="CompareOperatorlessResultTrueWithDifferentCapa" type_param="ara::core::FixedString&lt;1ul&gt;" status="run" time="0" classname="stringTyped_test/0" TEST_ID="bbe252cb-6fba-45d1-ad31-cac42fb73caa" />
    <testcase name="CompareOperatorlessResultFalseWithDifferentCapa" type_param="ara::core::FixedString&lt;1ul&gt;" status="run" time="0" classname="stringTyped_test/0" TEST_ID="884217ee-085b-479d-8ab1-a0476f14105c" />
    <testcase name="CompareOperatorlessEqResultTrue" type_param="ara::core::FixedString&lt;1ul&gt;" status="run" time="0" classname="stringTyped_test/0" TEST_ID="3a8ba399-4e2c-483d-835a-6d4bcbfa9a29" />
    <testcase name="CompareOperatorlessEqResultFalse" type_param="ara::core::FixedString&lt;1ul&gt;" status="run" time="0" classname="stringTyped_test/0" TEST_ID="59928731-2d4b-4122-8924-7809001fa631" />
    <testcase name="CompareOperatorlessEqResultTrueWithDifferentCapa" type_param="ara::core::FixedString&lt;1ul&gt;" status="run" time="0" classname="stringTyped_test/0" TEST_ID="60c20357-c67a-4d4f-aca7-1ce3ab84677c" />
    <testcase name="CompareOperatorlessEqResultFalseWithDifferentCapa" type_param="ara::core::FixedString&lt;1ul&gt;" status="run" time="0" classname="stringTyped_test/0" TEST_ID="9126ec2b-eb0c-4567-aa9e-8009e9910571" />
    <testcase name="CompareOperatorGreaterResultTrue" type_param="ara::core::FixedString&lt;1ul&gt;" status="run" time="0" classname="stringTyped_test/0" TEST_ID="92c81295-3169-49ac-a12f-700a5dd2179b" />
    <testcase name="CompareOperatorGreaterResultFalse" type_param="ara::core::FixedString&lt;1ul&gt;" status="run" time="0" classname="stringTyped_test/0" TEST_ID="5b3d33af-c905-44de-9ece-c66a96e59fb9" />
    <testcase name="CompareOperatorGreaterResultTrueWithDifferentCapa" type_param="ara::core::FixedString&lt;1ul&gt;" status="run" time="0" classname="stringTyped_test/0" TEST_ID="fb2b2abd-4670-44e9-a1ea-e1ae2d437ce2" />
    <testcase name="CompareOperatorGreaterResultFalseWithDifferentCapa" type_param="ara::core::FixedString&lt;1ul&gt;" status="run" time="0" classname="stringTyped_test/0" TEST_ID="5bacb492-2d28-4260-96d2-516858462054" />
    <testcase name="CompareOperatorGreaterEqResultTrue" type_param="ara::core::FixedString&lt;1ul&gt;" status="run" time="0" classname="stringTyped_test/0" TEST_ID="97184a06-2153-4b8e-93b7-0c620b90efb2" />
    <testcase name="CompareOperatorGreaterEqResultFalse" type_param="ara::core::FixedString&lt;1ul&gt;" status="run" time="0" classname="stringTyped_test/0" TEST_ID="72dca46d-86aa-4a01-b282-97b46f7f1504" />
    <testcase name="CompareOperatorGreaterEqResultTrueWithDifferentCapa" type_param="ara::core::FixedString&lt;1ul&gt;" status="run" time="0" classname="stringTyped_test/0" TEST_ID="edb0b737-630e-4305-9fd6-0f9c8be524b4" />
    <testcase name="CompareOperatorGreaterEqResultFalseWithDifferentCapa" type_param="ara::core::FixedString&lt;1ul&gt;" status="run" time="0" classname="stringTyped_test/0" TEST_ID="aa2e606e-28a2-424b-ac98-b1d194a11738" />
    <testcase name="EmptyStringToSTDStringConvResultsInZeroSize" type_param="ara::core::FixedString&lt;1ul&gt;" status="run" time="0" classname="stringTyped_test/0" TEST_ID="753888b8-12e2-4534-a2fd-32b29b457803" />
    <testcase name="StringOfSizeCapaToSTDStringConvResultsInSizeCapa" type_param="ara::core::FixedString&lt;1ul&gt;" status="run" time="0" classname="stringTyped_test/0" TEST_ID="50e727f3-c855-4613-9e38-a56429fa5748" />
    <testcase name="CompareOperatorSTDStringEqualFixedStringResultTrue" type_param="ara::core::FixedString&lt;1ul&gt;" status="run" time="0" classname="stringTyped_test/0" TEST_ID="6c048e63-2e9f-443a-8d22-380f5fc41057" />
    <testcase name="CompareOperatorSTDStringEqualFixedStringWithSameSizeResultFalse" type_param="ara::core::FixedString&lt;1ul&gt;" status="run" time="0" classname="stringTyped_test/0" TEST_ID="7500e443-43d0-4483-909e-0d4dc4c6b6bd" />
    <testcase name="CompareOperatorSTDStringEqualFixedStringResultFalse" type_param="ara::core::FixedString&lt;1ul&gt;" status="run" time="0" classname="stringTyped_test/0" TEST_ID="19e827d2-eece-47d6-a28d-efd3ad2938b4" />
    <testcase name="CompareOperatorFixedStringEqualSTDStringResultTrue" type_param="ara::core::FixedString&lt;1ul&gt;" status="run" time="0" classname="stringTyped_test/0" TEST_ID="c7a12cc3-6062-4f96-b34a-be1cd8976824" />
    <testcase name="CompareOperatorFixedStringEqualSTDStringWithSameSizeResultFalse" type_param="ara::core::FixedString&lt;1ul&gt;" status="run" time="0" classname="stringTyped_test/0" TEST_ID="558d111c-d5ba-497c-bb90-9ffee2d155d8" />
    <testcase name="CompareOperatorFixedStringEqualSTDStringResultFalse" type_param="ara::core::FixedString&lt;1ul&gt;" status="run" time="0" classname="stringTyped_test/0" TEST_ID="cd651629-e6e7-4f7f-82da-aab5517aebec" />
    <testcase name="CompareOperatorSTDStringNotEqualFixedStringResultTrue" type_param="ara::core::FixedString&lt;1ul&gt;" status="run" time="0" classname="stringTyped_test/0" TEST_ID="0c2523db-6848-49d9-99c9-43bb25edbe5d" />
    <testcase name="CompareOperatorSTDStringNotEqualFixedStringWithSameSizeResultTrue" type_param="ara::core::FixedString&lt;1ul&gt;" status="run" time="0" classname="stringTyped_test/0" TEST_ID="9e1292c3-44ac-4889-9a2f-233233cb3fe5" />
    <testcase name="CompareOperatorSTDStringNotEqualFixedStringResultFalse" type_param="ara::core::FixedString&lt;1ul&gt;" status="run" time="0" classname="stringTyped_test/0" TEST_ID="34c13d2b-9e1b-4293-9d30-c5a5969c58e8" />
    <testcase name="CompareOperatorFixedStringNotEqualSTDStringResultTrue" type_param="ara::core::FixedString&lt;1ul&gt;" status="run" time="0" classname="stringTyped_test/0" TEST_ID="d3ceaf9a-6f77-4688-be70-9a56a7b2cb78" />
    <testcase name="CompareOperatorFixedStringNotEqualSTDStringWithSameSizeResultTrue" type_param="ara::core::FixedString&lt;1ul&gt;" status="run" time="0" classname="stringTyped_test/0" TEST_ID="99a40704-9d0b-49f9-bd5c-4c87b9f2ba01" />
    <testcase name="CompareOperatorFixedStringNotEqualSTDStringResultFalse" type_param="ara::core::FixedString&lt;1ul&gt;" status="run" time="0" classname="stringTyped_test/0" TEST_ID="ad5b2551-2a6c-4da4-a421-ee02e3b39f88" />
    <testcase name="EmptyStreamInputWorks" type_param="ara::core::FixedString&lt;1ul&gt;" status="run" time="0" classname="stringTyped_test/0" TEST_ID="88c68194-9a9c-4f2f-a0e0-90bd72f9b102" />
    <testcase name="StreamInputOfSizeCapacityWorks" type_param="ara::core::FixedString&lt;1ul&gt;" status="run" time="0" classname="stringTyped_test/0" TEST_ID="c9b3dff3-018d-4189-818f-3534767e7ee4" />
    <testcase name="NewlyCreatedStringIsEmpty" type_param="ara::core::FixedString&lt;1ul&gt;" status="run" time="0" classname="stringTyped_test/0" TEST_ID="b76d10c1-46e2-4bc3-ab79-af187b85d584" />
    <testcase name="StringWithContentIsNotEmtpy" type_param="ara::core::FixedString&lt;1ul&gt;" status="run" time="0" classname="stringTyped_test/0" TEST_ID="bb7fd1ff-82dc-4ae2-af70-9b080eb2265d" />
    <testcase name="ConstrWithEmptyStringWithSmallerCapaWorks" type_param="ara::core::FixedString&lt;1ul&gt;" status="run" time="0" classname="stringTyped_test/0" TEST_ID="94bb789d-a98e-4eaa-8255-029a6d837d7c" />
    <testcase name="ConstrWithStringWithSmallerCapaWorks" type_param="ara::core::FixedString&lt;1ul&gt;" status="run" time="0" classname="stringTyped_test/0" TEST_ID="cebe491f-abaa-4473-8417-6c3264620f61" />
    <testcase name="MoveConstrWithEmptyStringWithSmallerCapaWorks" type_param="ara::core::FixedString&lt;1ul&gt;" status="run" time="0" classname="stringTyped_test/0" TEST_ID="76527963-8483-4689-816e-01e6803e078a" />
    <testcase name="MoveConstrWithStringSmallerCapaWorks" type_param="ara::core::FixedString&lt;1ul&gt;" status="run" time="0" classname="stringTyped_test/0" TEST_ID="4bc0b719-080b-4345-9875-a74d0b5cf77d" />
    <testcase name="AssignmentOfStringWithSmallerCapaWorks" type_param="ara::core::FixedString&lt;1ul&gt;" status="run" time="0" classname="stringTyped_test/0" TEST_ID="983c0fd2-6224-4712-9704-01367f1cd2c6" />
    <testcase name="AssignmentOfEmptyStringWithSmallerCapaWorks" type_param="ara::core::FixedString&lt;1ul&gt;" status="run" time="0" classname="stringTyped_test/0" TEST_ID="c2361b47-cc22-458e-b9bc-e295324c3216" />
    <testcase name="AssignmentOfNotEmptyStringWithSmallerCapaWorks" type_param="ara::core::FixedString&lt;1ul&gt;" status="run" time="0" classname="stringTyped_test/0" TEST_ID="66eaa759-fe92-4b94-9c1c-371f2c4fc2bf" />
    <testcase name="MoveAssignmentOfEmptyStringWithSmallerCapaWorks" type_param="ara::core::FixedString&lt;1ul&gt;" status="run" time="0" classname="stringTyped_test/0" TEST_ID="0703614e-88a6-4f5f-80c7-f0d7e51736f6" />
  </testsuite>
  <testsuite name="stringTyped_test/1" tests="109" failures="0" disabled="0" errors="0" time="0.002">
    <testcase name="EmptyInitializationResultsInSize0" type_param="ara::core::FixedString&lt;15ul&gt;" status="run" time="0" classname="stringTyped_test/1" TEST_ID="4a1a3850-b151-4f11-8208-b286e403847d" />
    <testcase name="EmptyInitializationResultsInEmptyString" type_param="ara::core::FixedString&lt;15ul&gt;" status="run" time="0" classname="stringTyped_test/1" TEST_ID="b4833ccc-814c-408e-a469-9950550703b9" />
    <testcase name="CopyConstructEmptyStringResultsInSize0" type_param="ara::core::FixedString&lt;15ul&gt;" status="run" time="0" classname="stringTyped_test/1" TEST_ID="8a88b069-4c7c-425a-b515-35deeaacaae5" />
    <testcase name="CopyConstructStringOfSizeCapaResultsInSizeCapa" type_param="ara::core::FixedString&lt;15ul&gt;" status="run" time="0" classname="stringTyped_test/1" TEST_ID="0d6bc778-8a1e-4eb5-8f87-0ebf45c5116e" />
    <testcase name="MoveConstructionWithStringOfSize0Works" type_param="ara::core::FixedString&lt;15ul&gt;" status="run" time="0" classname="stringTyped_test/1" TEST_ID="1857ab80-bb27-4e4d-8f11-6ddf94b0cfaf" />
    <testcase name="MoveConstructionWithStringOfSizeSmallerCapaWorks" type_param="ara::core::FixedString&lt;15ul&gt;" status="run" time="0" classname="stringTyped_test/1" TEST_ID="cb79ff56-d10f-4bb3-85a5-08c1ccc6947a" />
    <testcase name="MoveConstructionWithStringOfSizeCapaWorks" type_param="ara::core::FixedString&lt;15ul&gt;" status="run" time="0" classname="stringTyped_test/1" TEST_ID="f313dd8a-7dc4-40e3-8203-e099e2a05305" />
    <testcase name="SelfCopyAssignmentExcluded" type_param="ara::core::FixedString&lt;15ul&gt;" status="run" time="0" classname="stringTyped_test/1" TEST_ID="51b70520-fc11-4948-8fdf-643c638a81b9" />
    <testcase name="CopyAssignmentWithStringOfSize0Works" type_param="ara::core::FixedString&lt;15ul&gt;" status="run" time="0" classname="stringTyped_test/1" TEST_ID="fdfca1c5-8293-4e14-beef-519729e71420" />
    <testcase name="CopyAssignmentWithStringOfSizeSmallerCapaWorks" type_param="ara::core::FixedString&lt;15ul&gt;" status="run" time="0" classname="stringTyped_test/1" TEST_ID="b9b030db-e760-42ab-adbd-311cb5293a2e" />
    <testcase name="CopyAssignmentWithStringOfSizeCapaWorks" type_param="ara::core::FixedString&lt;15ul&gt;" status="run" time="0" classname="stringTyped_test/1" TEST_ID="10fa4f3d-089c-4d10-83e9-5a37f7d5f0ec" />
    <testcase name="SelfMoveAssignmentExcluded" type_param="ara::core::FixedString&lt;15ul&gt;" status="run" time="0" classname="stringTyped_test/1" TEST_ID="0ad45975-b68b-465a-b8c5-83dd8d8290d5" />
    <testcase name="MoveAssignmentOfStringWithSize0ResultsInSize0" type_param="ara::core::FixedString&lt;15ul&gt;" status="run" time="0" classname="stringTyped_test/1" TEST_ID="7170b9d6-ff73-4e3f-a6d1-b66f6de21dcd" />
    <testcase name="MoveAssignmentOfStringWithSmallerSizeResultsInSmallerSize" type_param="ara::core::FixedString&lt;15ul&gt;" status="run" time="0" classname="stringTyped_test/1" TEST_ID="ca455516-5ca6-4882-933b-082769eb975a" />
    <testcase name="MoveAssignmentOfStringWithSizeCapaResultsInSizeCapa" type_param="ara::core::FixedString&lt;15ul&gt;" status="run" time="0" classname="stringTyped_test/1" TEST_ID="375944b8-6817-44d4-8a05-de9e0235c503" />
    <testcase name="CharToStringConvConstrWithSize0ResultsInSize0" type_param="ara::core::FixedString&lt;15ul&gt;" status="run" time="0" classname="stringTyped_test/1" TEST_ID="29e9f7b8-a1c7-4462-81d0-52ef34a8b883" />
    <testcase name="CharToStringConvConstrWithSizeCapaResultsInSizeCapa" type_param="ara::core::FixedString&lt;15ul&gt;" status="run" time="0" classname="stringTyped_test/1" TEST_ID="de81475a-527e-43e0-97b8-faf7a9300204" />
    <testcase name="UnsafeCharToStringConvConstrWithSize0ResultsInSize0" type_param="ara::core::FixedString&lt;15ul&gt;" status="run" time="0" classname="stringTyped_test/1" TEST_ID="3ed6360e-c4a0-474b-8ed7-e6b4e129a6c0" />
    <testcase name="UnsafeCharToStringConvConstrWithSizeCapaResultsInSizeCapa" type_param="ara::core::FixedString&lt;15ul&gt;" status="run" time="0" classname="stringTyped_test/1" TEST_ID="5c417b37-ee9d-42f9-bb25-c59c6929d4ca" />
    <testcase name="UnsafeCharToStringConvConstrWithSizeGreaterCapaResultsInSizeCapa" type_param="ara::core::FixedString&lt;15ul&gt;" status="run" time="0" classname="stringTyped_test/1" TEST_ID="5e0a2022-ea15-43d5-aae8-980a75be6122" />
    <testcase name="UnsafeCharToStringConvConstrWithNullPtrResultsEmptyString" type_param="ara::core::FixedString&lt;15ul&gt;" status="run" time="0" classname="stringTyped_test/1" TEST_ID="c6bbcbc6-e049-4c2c-bf84-8d89dcf42ce8" />
    <testcase name="UnsafeSTDStringToStringConvConstrWithSize0ResultsInSize0" type_param="ara::core::FixedString&lt;15ul&gt;" status="run" time="0" classname="stringTyped_test/1" TEST_ID="83e1b7b2-8487-4c71-ac86-f4d5d98c1918" />
    <testcase name="UnsafeSTDStringToStringConvConstrWithSizeSmallerCapaResultsInSizeSmallerCapa" type_param="ara::core::FixedString&lt;15ul&gt;" status="run" time="0" classname="stringTyped_test/1" TEST_ID="1bd6cd60-0487-4ba2-9e51-3a9297078454" />
    <testcase name="UnsafeSTDStringToStringConvConstrWithSizeCapaResultsInSizeCapa" type_param="ara::core::FixedString&lt;15ul&gt;" status="run" time="0" classname="stringTyped_test/1" TEST_ID="afa37f19-fde0-40ab-b1bd-10862f623ae7" />
    <testcase name="UnsafeSTDStringToStringConvConstrWithSizeGreaterCapaResultsInSizeCapa" type_param="ara::core::FixedString&lt;15ul&gt;" status="run" time="0" classname="stringTyped_test/1" TEST_ID="67cba3f0-30ed-415d-8232-8e8b5898fe04" />
    <testcase name="UnsafeCharToStringConstrWithCount0ResultsInSize0" type_param="ara::core::FixedString&lt;15ul&gt;" status="run" time="0" classname="stringTyped_test/1" TEST_ID="6cbd9ee8-f015-41ce-8a2c-b8c023b0722a" />
    <testcase name="UnsafeCharToStringConstrWithCountEqCapaResultsInSizeCapa" type_param="ara::core::FixedString&lt;15ul&gt;" status="run" time="0" classname="stringTyped_test/1" TEST_ID="0e62c9fe-78e7-4b6d-8c31-27270dca7581" />
    <testcase name="UnsafeCharToStringConstrWithCountGreaterCapaResultsInSizeCapa" type_param="ara::core::FixedString&lt;15ul&gt;" status="run" time="0" classname="stringTyped_test/1" TEST_ID="d2d321ed-8ee3-4337-a7c9-4785b5ae9a67" />
    <testcase name="UnsafeCharToStringConstrWithNullPtrResultsEmptyString" type_param="ara::core::FixedString&lt;15ul&gt;" status="run" time="0" classname="stringTyped_test/1" TEST_ID="cd772d2a-b6db-4b9d-b90d-f2a0aca4aaf6" />
    <testcase name="AssignCStringOfSize0WithOperatorResultsInSize0" type_param="ara::core::FixedString&lt;15ul&gt;" status="run" time="0" classname="stringTyped_test/1" TEST_ID="49d08010-7a31-472d-bd99-6c6e7c49aad5" />
    <testcase name="AssignCStringOfSizeCapaWithOperatorResultsInSizeCapa" type_param="ara::core::FixedString&lt;15ul&gt;" status="run" time="0" classname="stringTyped_test/1" TEST_ID="19b0a4af-acfa-4d9b-b432-145ab1e7f59d" />
    <testcase name="SelfAssignmentIsExcluded" type_param="ara::core::FixedString&lt;15ul&gt;" status="run" time="0" classname="stringTyped_test/1" TEST_ID="32c07349-3924-4b86-9ce8-21247c8148b9" />
    <testcase name="AssignStringOfSize0ResultsInSize0" type_param="ara::core::FixedString&lt;15ul&gt;" status="run" time="0" classname="stringTyped_test/1" TEST_ID="ee981dcb-80ab-439e-a3bf-a52a591b7dbb" />
    <testcase name="AssignStringOfSizeCapaResultsInSizeCapa" type_param="ara::core::FixedString&lt;15ul&gt;" status="run" time="0" classname="stringTyped_test/1" TEST_ID="75803631-93e8-4555-84d1-cdb44d88adc4" />
    <testcase name="AssignStringOfSize0AndSmallerCapaResultsInSize0" type_param="ara::core::FixedString&lt;15ul&gt;" status="run" time="0" classname="stringTyped_test/1" TEST_ID="d66ee5d5-03ac-4485-ac73-b8b6f044d38a" />
    <testcase name="AssignStringWithSmallerCapaWorks" type_param="ara::core::FixedString&lt;15ul&gt;" status="run" time="0" classname="stringTyped_test/1" TEST_ID="d7bdad39-fd7f-4b32-9e3f-60e6cd246bdc" />
    <testcase name="FreshlyAssignNothingResultsInZeroSize" type_param="ara::core::FixedString&lt;15ul&gt;" status="run" time="0" classname="stringTyped_test/1" TEST_ID="c0df23ee-86f8-4821-b577-38bad21c2e77" />
    <testcase name="ReassignNothingResultsInZeroSize" type_param="ara::core::FixedString&lt;15ul&gt;" status="run" time="0" classname="stringTyped_test/1" TEST_ID="854089ee-bf0f-432c-96ce-20e83e09181c" />
    <testcase name="AssignCStringOfSizeCapaResultsInSizeCapa" type_param="ara::core::FixedString&lt;15ul&gt;" status="run" time="0" classname="stringTyped_test/1" TEST_ID="25f4f306-2303-4cc8-a42b-d0cbb600d833" />
    <testcase name="UnsafeAssignOfCStringOfSize0ResultsInSize0" type_param="ara::core::FixedString&lt;15ul&gt;" status="run" time="0" classname="stringTyped_test/1" TEST_ID="861aa3a2-4fa3-401a-b6af-2ddbb3139f69" />
    <testcase name="UnsafeAssignOfCStringOfSize1ResultsInSize1" type_param="ara::core::FixedString&lt;15ul&gt;" status="run" time="0" classname="stringTyped_test/1" TEST_ID="7b09a56c-1706-43b9-85d0-6c8bdf79f1b2" />
    <testcase name="UnsafeAssignCStringOfSizeCapaResultsInSizeCapa" type_param="ara::core::FixedString&lt;15ul&gt;" status="run" time="0" classname="stringTyped_test/1" TEST_ID="422a0400-0862-441f-a7d0-20272856800f" />
    <testcase name="UnsafeAssignCStringOfSizeGreaterCapaResultsInSize0" type_param="ara::core::FixedString&lt;15ul&gt;" status="run" time="0" classname="stringTyped_test/1" TEST_ID="6012209b-87f8-4796-b9ec-336881cf7e24" />
    <testcase name="UnsafeAssignOfInvalidCStringFails" type_param="ara::core::FixedString&lt;15ul&gt;" status="run" time="0" classname="stringTyped_test/1" TEST_ID="863d38e5-5c5f-4a78-a2ca-155205bb9ecc" />
    <testcase name="UnsafeAssignOfCharPointerPointingToSameAddress" type_param="ara::core::FixedString&lt;15ul&gt;" status="run" time="0" classname="stringTyped_test/1" TEST_ID="a129add2-4d8e-4953-ba28-b78ece5a2f02" />
    <testcase name="UnsafeAssignOfNullptrFails" type_param="ara::core::FixedString&lt;15ul&gt;" status="run" time="0" classname="stringTyped_test/1" TEST_ID="140e5402-c6b5-4a07-a0f7-2a10f6d307fb" />
    <testcase name="UnsafeAssignOfSTDStringOfSize0ResultsInSize0" type_param="ara::core::FixedString&lt;15ul&gt;" status="run" time="0" classname="stringTyped_test/1" TEST_ID="709e4c86-963b-495e-a81c-c09a84cb2320" />
    <testcase name="UnsafeAssignOfSTDStringOfSize1ResultsInSize1" type_param="ara::core::FixedString&lt;15ul&gt;" status="run" time="0" classname="stringTyped_test/1" TEST_ID="84dc3655-a4c8-46bc-afd2-059501da1c86" />
    <testcase name="UnsafeAssignSTDStringOfSizeCapaResultsInSizeCapa" type_param="ara::core::FixedString&lt;15ul&gt;" status="run" time="0" classname="stringTyped_test/1" TEST_ID="27011e92-813a-410a-ba14-fec7dfefe942" />
    <testcase name="UnsafeAssignSTDStringOfSizeGreaterCapaResultsInSize0" type_param="ara::core::FixedString&lt;15ul&gt;" status="run" time="0" classname="stringTyped_test/1" TEST_ID="72dbeffb-5787-41cf-9998-b745d8683bb4" />
    <testcase name="AssignOfInvalidSTDStringFails" type_param="ara::core::FixedString&lt;15ul&gt;" status="run" time="0" classname="stringTyped_test/1" TEST_ID="c16cec0c-40b5-43cb-adab-f95e11b96b8e" />
    <testcase name="CompareEqStringsResultsInZero" type_param="ara::core::FixedString&lt;15ul&gt;" status="run" time="0" classname="stringTyped_test/1" TEST_ID="8271fa31-3301-4d2e-a290-a4b61a70dfb5" />
    <testcase name="CompareResultNegative" type_param="ara::core::FixedString&lt;15ul&gt;" status="run" time="0" classname="stringTyped_test/1" TEST_ID="b17fc495-a82b-4ee8-af17-28afaabd3f0e" />
    <testcase name="CompareResultPositive" type_param="ara::core::FixedString&lt;15ul&gt;" status="run" time="0" classname="stringTyped_test/1" TEST_ID="ff95b244-937a-4519-90d8-8c82acf01b6b" />
    <testcase name="CompareWithEmptyStringResultsInPositive" type_param="ara::core::FixedString&lt;15ul&gt;" status="run" time="0" classname="stringTyped_test/1" TEST_ID="0495349d-2e63-442f-8214-b44d249f057f" />
    <testcase name="CompareEqStringsWithDifferentCapaResultsInZero" type_param="ara::core::FixedString&lt;15ul&gt;" status="run" time="0" classname="stringTyped_test/1" TEST_ID="ddf78ea1-b5cd-44fd-9320-6801893c30e7" />
    <testcase name="CompareResultNegativeWithDifferentCapa" type_param="ara::core::FixedString&lt;15ul&gt;" status="run" time="0" classname="stringTyped_test/1" TEST_ID="a0499ebc-249c-4b31-a1b0-0e34035e77f2" />
    <testcase name="CompareResultPositiveWithDifferentCapa" type_param="ara::core::FixedString&lt;15ul&gt;" status="run" time="0" classname="stringTyped_test/1" TEST_ID="97fed2cb-4f25-4732-9bbe-4d710b9a35f7" />
    <testcase name="CompareWithEmptyStringOfDifferentCapaResultsInPositive" type_param="ara::core::FixedString&lt;15ul&gt;" status="run" time="0" classname="stringTyped_test/1" TEST_ID="9d54c681-fc19-444b-8e1b-059ff6237a8f" />
    <testcase name="CompareOperatorEqualResultTrue" type_param="ara::core::FixedString&lt;15ul&gt;" status="run" time="0" classname="stringTyped_test/1" TEST_ID="149069dd-a2f2-441a-9d16-30aa038a7c5e" />
    <testcase name="CompareOperatorEqualResultFalse" type_param="ara::core::FixedString&lt;15ul&gt;" status="run" time="0" classname="stringTyped_test/1" TEST_ID="30c9bb50-03ea-437e-99c8-c663ed62340b" />
    <testcase name="CompareOperatorEqualResultTrueWithDifferentCapa" type_param="ara::core::FixedString&lt;15ul&gt;" status="run" time="0" classname="stringTyped_test/1" TEST_ID="10ce496d-635e-4aeb-9969-95881d1efc87" />
    <testcase name="CompareOperatorEqualResultFalseWithDifferentCapa" type_param="ara::core::FixedString&lt;15ul&gt;" status="run" time="0" classname="stringTyped_test/1" TEST_ID="15444c15-7319-4224-8519-091d2b47da22" />
    <testcase name="CompareOperatorNotEqualResultFalse" type_param="ara::core::FixedString&lt;15ul&gt;" status="run" time="0" classname="stringTyped_test/1" TEST_ID="b31770c0-2695-4fd6-b5b6-cae479852417" />
    <testcase name="CompareOperatorNotEqualResultTrue" type_param="ara::core::FixedString&lt;15ul&gt;" status="run" time="0" classname="stringTyped_test/1" TEST_ID="57db46d4-df73-49da-aa43-0dfc8ff04f44" />
    <testcase name="CompareOperatorNotEqualResultFalseWithDifferentCapa" type_param="ara::core::FixedString&lt;15ul&gt;" status="run" time="0" classname="stringTyped_test/1" TEST_ID="f5b53871-4bb0-4f2a-adea-e5335c6c4611" />
    <testcase name="CompareOperatorNotEqualResultTrueWithDifferentCapa" type_param="ara::core::FixedString&lt;15ul&gt;" status="run" time="0" classname="stringTyped_test/1" TEST_ID="394d3dd9-2304-4608-9f29-12cfaacaeef7" />
    <testcase name="CompareOperatorlessResultTrue" type_param="ara::core::FixedString&lt;15ul&gt;" status="run" time="0" classname="stringTyped_test/1" TEST_ID="cb8495ba-f2f9-4e7c-a017-f8295fcff518" />
    <testcase name="CompareOperatorlessResultFalse" type_param="ara::core::FixedString&lt;15ul&gt;" status="run" time="0" classname="stringTyped_test/1" TEST_ID="6bf80f49-f637-4207-900e-2cfec89eb556" />
    <testcase name="CompareOperatorlessResultTrueWithDifferentCapa" type_param="ara::core::FixedString&lt;15ul&gt;" status="run" time="0" classname="stringTyped_test/1" TEST_ID="bbe252cb-6fba-45d1-ad31-cac42fb73caa" />
    <testcase name="CompareOperatorlessResultFalseWithDifferentCapa" type_param="ara::core::FixedString&lt;15ul&gt;" status="run" time="0" classname="stringTyped_test/1" TEST_ID="884217ee-085b-479d-8ab1-a0476f14105c" />
    <testcase name="CompareOperatorlessEqResultTrue" type_param="ara::core::FixedString&lt;15ul&gt;" status="run" time="0" classname="stringTyped_test/1" TEST_ID="3a8ba399-4e2c-483d-835a-6d4bcbfa9a29" />
    <testcase name="CompareOperatorlessEqResultFalse" type_param="ara::core::FixedString&lt;15ul&gt;" status="run" time="0" classname="stringTyped_test/1" TEST_ID="59928731-2d4b-4122-8924-7809001fa631" />
    <testcase name="CompareOperatorlessEqResultTrueWithDifferentCapa" type_param="ara::core::FixedString&lt;15ul&gt;" status="run" time="0" classname="stringTyped_test/1" TEST_ID="60c20357-c67a-4d4f-aca7-1ce3ab84677c" />
    <testcase name="CompareOperatorlessEqResultFalseWithDifferentCapa" type_param="ara::core::FixedString&lt;15ul&gt;" status="run" time="0" classname="stringTyped_test/1" TEST_ID="9126ec2b-eb0c-4567-aa9e-8009e9910571" />
    <testcase name="CompareOperatorGreaterResultTrue" type_param="ara::core::FixedString&lt;15ul&gt;" status="run" time="0" classname="stringTyped_test/1" TEST_ID="92c81295-3169-49ac-a12f-700a5dd2179b" />
    <testcase name="CompareOperatorGreaterResultFalse" type_param="ara::core::FixedString&lt;15ul&gt;" status="run" time="0" classname="stringTyped_test/1" TEST_ID="5b3d33af-c905-44de-9ece-c66a96e59fb9" />
    <testcase name="CompareOperatorGreaterResultTrueWithDifferentCapa" type_param="ara::core::FixedString&lt;15ul&gt;" status="run" time="0" classname="stringTyped_test/1" TEST_ID="fb2b2abd-4670-44e9-a1ea-e1ae2d437ce2" />
    <testcase name="CompareOperatorGreaterResultFalseWithDifferentCapa" type_param="ara::core::FixedString&lt;15ul&gt;" status="run" time="0" classname="stringTyped_test/1" TEST_ID="5bacb492-2d28-4260-96d2-516858462054" />
    <testcase name="CompareOperatorGreaterEqResultTrue" type_param="ara::core::FixedString&lt;15ul&gt;" status="run" time="0" classname="stringTyped_test/1" TEST_ID="97184a06-2153-4b8e-93b7-0c620b90efb2" />
    <testcase name="CompareOperatorGreaterEqResultFalse" type_param="ara::core::FixedString&lt;15ul&gt;" status="run" time="0" classname="stringTyped_test/1" TEST_ID="72dca46d-86aa-4a01-b282-97b46f7f1504" />
    <testcase name="CompareOperatorGreaterEqResultTrueWithDifferentCapa" type_param="ara::core::FixedString&lt;15ul&gt;" status="run" time="0" classname="stringTyped_test/1" TEST_ID="edb0b737-630e-4305-9fd6-0f9c8be524b4" />
    <testcase name="CompareOperatorGreaterEqResultFalseWithDifferentCapa" type_param="ara::core::FixedString&lt;15ul&gt;" status="run" time="0" classname="stringTyped_test/1" TEST_ID="aa2e606e-28a2-424b-ac98-b1d194a11738" />
    <testcase name="EmptyStringToSTDStringConvResultsInZeroSize" type_param="ara::core::FixedString&lt;15ul&gt;" status="run" time="0" classname="stringTyped_test/1" TEST_ID="753888b8-12e2-4534-a2fd-32b29b457803" />
    <testcase name="StringOfSizeCapaToSTDStringConvResultsInSizeCapa" type_param="ara::core::FixedString&lt;15ul&gt;" status="run" time="0" classname="stringTyped_test/1" TEST_ID="50e727f3-c855-4613-9e38-a56429fa5748" />
    <testcase name="CompareOperatorSTDStringEqualFixedStringResultTrue" type_param="ara::core::FixedString&lt;15ul&gt;" status="run" time="0" classname="stringTyped_test/1" TEST_ID="6c048e63-2e9f-443a-8d22-380f5fc41057" />
    <testcase name="CompareOperatorSTDStringEqualFixedStringWithSameSizeResultFalse" type_param="ara::core::FixedString&lt;15ul&gt;" status="run" time="0" classname="stringTyped_test/1" TEST_ID="7500e443-43d0-4483-909e-0d4dc4c6b6bd" />
    <testcase name="CompareOperatorSTDStringEqualFixedStringResultFalse" type_param="ara::core::FixedString&lt;15ul&gt;" status="run" time="0" classname="stringTyped_test/1" TEST_ID="19e827d2-eece-47d6-a28d-efd3ad2938b4" />
    <testcase name="CompareOperatorFixedStringEqualSTDStringResultTrue" type_param="ara::core::FixedString&lt;15ul&gt;" status="run" time="0" classname="stringTyped_test/1" TEST_ID="c7a12cc3-6062-4f96-b34a-be1cd8976824" />
    <testcase name="CompareOperatorFixedStringEqualSTDStringWithSameSizeResultFalse" type_param="ara::core::FixedString&lt;15ul&gt;" status="run" time="0" classname="stringTyped_test/1" TEST_ID="558d111c-d5ba-497c-bb90-9ffee2d155d8" />
    <testcase name="CompareOperatorFixedStringEqualSTDStringResultFalse" type_param="ara::core::FixedString&lt;15ul&gt;" status="run" time="0" classname="stringTyped_test/1" TEST_ID="cd651629-e6e7-4f7f-82da-aab5517aebec" />
    <testcase name="CompareOperatorSTDStringNotEqualFixedStringResultTrue" type_param="ara::core::FixedString&lt;15ul&gt;" status="run" time="0" classname="stringTyped_test/1" TEST_ID="0c2523db-6848-49d9-99c9-43bb25edbe5d" />
    <testcase name="CompareOperatorSTDStringNotEqualFixedStringWithSameSizeResultTrue" type_param="ara::core::FixedString&lt;15ul&gt;" status="run" time="0" classname="stringTyped_test/1" TEST_ID="9e1292c3-44ac-4889-9a2f-233233cb3fe5" />
    <testcase name="CompareOperatorSTDStringNotEqualFixedStringResultFalse" type_param="ara::core::FixedString&lt;15ul&gt;" status="run" time="0" classname="stringTyped_test/1" TEST_ID="34c13d2b-9e1b-4293-9d30-c5a5969c58e8" />
    <testcase name="CompareOperatorFixedStringNotEqualSTDStringResultTrue" type_param="ara::core::FixedString&lt;15ul&gt;" status="run" time="0" classname="stringTyped_test/1" TEST_ID="d3ceaf9a-6f77-4688-be70-9a56a7b2cb78" />
    <testcase name="CompareOperatorFixedStringNotEqualSTDStringWithSameSizeResultTrue" type_param="ara::core::FixedString&lt;15ul&gt;" status="run" time="0" classname="stringTyped_test/1" TEST_ID="99a40704-9d0b-49f9-bd5c-4c87b9f2ba01" />
    <testcase name="CompareOperatorFixedStringNotEqualSTDStringResultFalse" type_param="ara::core::FixedString&lt;15ul&gt;" status="run" time="0" classname="stringTyped_test/1" TEST_ID="ad5b2551-2a6c-4da4-a421-ee02e3b39f88" />
    <testcase name="EmptyStreamInputWorks" type_param="ara::core::FixedString&lt;15ul&gt;" status="run" time="0" classname="stringTyped_test/1" TEST_ID="88c68194-9a9c-4f2f-a0e0-90bd72f9b102" />
    <testcase name="StreamInputOfSizeCapacityWorks" type_param="ara::core::FixedString&lt;15ul&gt;" status="run" time="0" classname="stringTyped_test/1" TEST_ID="c9b3dff3-018d-4189-818f-3534767e7ee4" />
    <testcase name="NewlyCreatedStringIsEmpty" type_param="ara::core::FixedString&lt;15ul&gt;" status="run" time="0" classname="stringTyped_test/1" TEST_ID="b76d10c1-46e2-4bc3-ab79-af187b85d584" />
    <testcase name="StringWithContentIsNotEmtpy" type_param="ara::core::FixedString&lt;15ul&gt;" status="run" time="0" classname="stringTyped_test/1" TEST_ID="bb7fd1ff-82dc-4ae2-af70-9b080eb2265d" />
    <testcase name="ConstrWithEmptyStringWithSmallerCapaWorks" type_param="ara::core::FixedString&lt;15ul&gt;" status="run" time="0" classname="stringTyped_test/1" TEST_ID="94bb789d-a98e-4eaa-8255-029a6d837d7c" />
    <testcase name="ConstrWithStringWithSmallerCapaWorks" type_param="ara::core::FixedString&lt;15ul&gt;" status="run" time="0" classname="stringTyped_test/1" TEST_ID="cebe491f-abaa-4473-8417-6c3264620f61" />
    <testcase name="MoveConstrWithEmptyStringWithSmallerCapaWorks" type_param="ara::core::FixedString&lt;15ul&gt;" status="run" time="0" classname="stringTyped_test/1" TEST_ID="76527963-8483-4689-816e-01e6803e078a" />
    <testcase name="MoveConstrWithStringSmallerCapaWorks" type_param="ara::core::FixedString&lt;15ul&gt;" status="run" time="0" classname="stringTyped_test/1" TEST_ID="4bc0b719-080b-4345-9875-a74d0b5cf77d" />
    <testcase name="AssignmentOfStringWithSmallerCapaWorks" type_param="ara::core::FixedString&lt;15ul&gt;" status="run" time="0" classname="stringTyped_test/1" TEST_ID="983c0fd2-6224-4712-9704-01367f1cd2c6" />
    <testcase name="AssignmentOfEmptyStringWithSmallerCapaWorks" type_param="ara::core::FixedString&lt;15ul&gt;" status="run" time="0" classname="stringTyped_test/1" TEST_ID="c2361b47-cc22-458e-b9bc-e295324c3216" />
    <testcase name="AssignmentOfNotEmptyStringWithSmallerCapaWorks" type_param="ara::core::FixedString&lt;15ul&gt;" status="run" time="0" classname="stringTyped_test/1" TEST_ID="66eaa759-fe92-4b94-9c1c-371f2c4fc2bf" />
    <testcase name="MoveAssignmentOfEmptyStringWithSmallerCapaWorks" type_param="ara::core::FixedString&lt;15ul&gt;" status="run" time="0" classname="stringTyped_test/1" TEST_ID="0703614e-88a6-4f5f-80c7-f0d7e51736f6" />
  </testsuite>
  <testsuite name="stringTyped_test/2" tests="109" failures="0" disabled="0" errors="0" time="0.002">
    <testcase name="EmptyInitializationResultsInSize0" type_param="ara::core::FixedString&lt;100ul&gt;" status="run" time="0" classname="stringTyped_test/2" TEST_ID="4a1a3850-b151-4f11-8208-b286e403847d" />
    <testcase name="EmptyInitializationResultsInEmptyString" type_param="ara::core::FixedString&lt;100ul&gt;" status="run" time="0" classname="stringTyped_test/2" TEST_ID="b4833ccc-814c-408e-a469-9950550703b9" />
    <testcase name="CopyConstructEmptyStringResultsInSize0" type_param="ara::core::FixedString&lt;100ul&gt;" status="run" time="0" classname="stringTyped_test/2" TEST_ID="8a88b069-4c7c-425a-b515-35deeaacaae5" />
    <testcase name="CopyConstructStringOfSizeCapaResultsInSizeCapa" type_param="ara::core::FixedString&lt;100ul&gt;" status="run" time="0" classname="stringTyped_test/2" TEST_ID="0d6bc778-8a1e-4eb5-8f87-0ebf45c5116e" />
    <testcase name="MoveConstructionWithStringOfSize0Works" type_param="ara::core::FixedString&lt;100ul&gt;" status="run" time="0" classname="stringTyped_test/2" TEST_ID="1857ab80-bb27-4e4d-8f11-6ddf94b0cfaf" />
    <testcase name="MoveConstructionWithStringOfSizeSmallerCapaWorks" type_param="ara::core::FixedString&lt;100ul&gt;" status="run" time="0" classname="stringTyped_test/2" TEST_ID="cb79ff56-d10f-4bb3-85a5-08c1ccc6947a" />
    <testcase name="MoveConstructionWithStringOfSizeCapaWorks" type_param="ara::core::FixedString&lt;100ul&gt;" status="run" time="0" classname="stringTyped_test/2" TEST_ID="f313dd8a-7dc4-40e3-8203-e099e2a05305" />
    <testcase name="SelfCopyAssignmentExcluded" type_param="ara::core::FixedString&lt;100ul&gt;" status="run" time="0" classname="stringTyped_test/2" TEST_ID="51b70520-fc11-4948-8fdf-643c638a81b9" />
    <testcase name="CopyAssignmentWithStringOfSize0Works" type_param="ara::core::FixedString&lt;100ul&gt;" status="run" time="0" classname="stringTyped_test/2" TEST_ID="fdfca1c5-8293-4e14-beef-519729e71420" />
    <testcase name="CopyAssignmentWithStringOfSizeSmallerCapaWorks" type_param="ara::core::FixedString&lt;100ul&gt;" status="run" time="0" classname="stringTyped_test/2" TEST_ID="b9b030db-e760-42ab-adbd-311cb5293a2e" />
    <testcase name="CopyAssignmentWithStringOfSizeCapaWorks" type_param="ara::core::FixedString&lt;100ul&gt;" status="run" time="0" classname="stringTyped_test/2" TEST_ID="10fa4f3d-089c-4d10-83e9-5a37f7d5f0ec" />
    <testcase name="SelfMoveAssignmentExcluded" type_param="ara::core::FixedString&lt;100ul&gt;" status="run" time="0" classname="stringTyped_test/2" TEST_ID="0ad45975-b68b-465a-b8c5-83dd8d8290d5" />
    <testcase name="MoveAssignmentOfStringWithSize0ResultsInSize0" type_param="ara::core::FixedString&lt;100ul&gt;" status="run" time="0" classname="stringTyped_test/2" TEST_ID="7170b9d6-ff73-4e3f-a6d1-b66f6de21dcd" />
    <testcase name="MoveAssignmentOfStringWithSmallerSizeResultsInSmallerSize" type_param="ara::core::FixedString&lt;100ul&gt;" status="run" time="0" classname="stringTyped_test/2" TEST_ID="ca455516-5ca6-4882-933b-082769eb975a" />
    <testcase name="MoveAssignmentOfStringWithSizeCapaResultsInSizeCapa" type_param="ara::core::FixedString&lt;100ul&gt;" status="run" time="0" classname="stringTyped_test/2" TEST_ID="375944b8-6817-44d4-8a05-de9e0235c503" />
    <testcase name="CharToStringConvConstrWithSize0ResultsInSize0" type_param="ara::core::FixedString&lt;100ul&gt;" status="run" time="0" classname="stringTyped_test/2" TEST_ID="29e9f7b8-a1c7-4462-81d0-52ef34a8b883" />
    <testcase name="CharToStringConvConstrWithSizeCapaResultsInSizeCapa" type_param="ara::core::FixedString&lt;100ul&gt;" status="run" time="0" classname="stringTyped_test/2" TEST_ID="de81475a-527e-43e0-97b8-faf7a9300204" />
    <testcase name="UnsafeCharToStringConvConstrWithSize0ResultsInSize0" type_param="ara::core::FixedString&lt;100ul&gt;" status="run" time="0" classname="stringTyped_test/2" TEST_ID="3ed6360e-c4a0-474b-8ed7-e6b4e129a6c0" />
    <testcase name="UnsafeCharToStringConvConstrWithSizeCapaResultsInSizeCapa" type_param="ara::core::FixedString&lt;100ul&gt;" status="run" time="0" classname="stringTyped_test/2" TEST_ID="5c417b37-ee9d-42f9-bb25-c59c6929d4ca" />
    <testcase name="UnsafeCharToStringConvConstrWithSizeGreaterCapaResultsInSizeCapa" type_param="ara::core::FixedString&lt;100ul&gt;" status="run" time="0" classname="stringTyped_test/2" TEST_ID="5e0a2022-ea15-43d5-aae8-980a75be6122" />
    <testcase name="UnsafeCharToStringConvConstrWithNullPtrResultsEmptyString" type_param="ara::core::FixedString&lt;100ul&gt;" status="run" time="0.001" classname="stringTyped_test/2" TEST_ID="c6bbcbc6-e049-4c2c-bf84-8d89dcf42ce8" />
    <testcase name="UnsafeSTDStringToStringConvConstrWithSize0ResultsInSize0" type_param="ara::core::FixedString&lt;100ul&gt;" status="run" time="0" classname="stringTyped_test/2" TEST_ID="83e1b7b2-8487-4c71-ac86-f4d5d98c1918" />
    <testcase name="UnsafeSTDStringToStringConvConstrWithSizeSmallerCapaResultsInSizeSmallerCapa" type_param="ara::core::FixedString&lt;100ul&gt;" status="run" time="0" classname="stringTyped_test/2" TEST_ID="1bd6cd60-0487-4ba2-9e51-3a9297078454" />
    <testcase name="UnsafeSTDStringToStringConvConstrWithSizeCapaResultsInSizeCapa" type_param="ara::core::FixedString&lt;100ul&gt;" status="run" time="0" classname="stringTyped_test/2" TEST_ID="afa37f19-fde0-40ab-b1bd-10862f623ae7" />
    <testcase name="UnsafeSTDStringToStringConvConstrWithSizeGreaterCapaResultsInSizeCapa" type_param="ara::core::FixedString&lt;100ul&gt;" status="run" time="0" classname="stringTyped_test/2" TEST_ID="67cba3f0-30ed-415d-8232-8e8b5898fe04" />
    <testcase name="UnsafeCharToStringConstrWithCount0ResultsInSize0" type_param="ara::core::FixedString&lt;100ul&gt;" status="run" time="0" classname="stringTyped_test/2" TEST_ID="6cbd9ee8-f015-41ce-8a2c-b8c023b0722a" />
    <testcase name="UnsafeCharToStringConstrWithCountEqCapaResultsInSizeCapa" type_param="ara::core::FixedString&lt;100ul&gt;" status="run" time="0" classname="stringTyped_test/2" TEST_ID="0e62c9fe-78e7-4b6d-8c31-27270dca7581" />
    <testcase name="UnsafeCharToStringConstrWithCountGreaterCapaResultsInSizeCapa" type_param="ara::core::FixedString&lt;100ul&gt;" status="run" time="0" classname="stringTyped_test/2" TEST_ID="d2d321ed-8ee3-4337-a7c9-4785b5ae9a67" />
    <testcase name="UnsafeCharToStringConstrWithNullPtrResultsEmptyString" type_param="ara::core::FixedString&lt;100ul&gt;" status="run" time="0" classname="stringTyped_test/2" TEST_ID="cd772d2a-b6db-4b9d-b90d-f2a0aca4aaf6" />
    <testcase name="AssignCStringOfSize0WithOperatorResultsInSize0" type_param="ara::core::FixedString&lt;100ul&gt;" status="run" time="0" classname="stringTyped_test/2" TEST_ID="49d08010-7a31-472d-bd99-6c6e7c49aad5" />
    <testcase name="AssignCStringOfSizeCapaWithOperatorResultsInSizeCapa" type_param="ara::core::FixedString&lt;100ul&gt;" status="run" time="0" classname="stringTyped_test/2" TEST_ID="19b0a4af-acfa-4d9b-b432-145ab1e7f59d" />
    <testcase name="SelfAssignmentIsExcluded" type_param="ara::core::FixedString&lt;100ul&gt;" status="run" time="0" classname="stringTyped_test/2" TEST_ID="32c07349-3924-4b86-9ce8-21247c8148b9" />
    <testcase name="AssignStringOfSize0ResultsInSize0" type_param="ara::core::FixedString&lt;100ul&gt;" status="run" time="0" classname="stringTyped_test/2" TEST_ID="ee981dcb-80ab-439e-a3bf-a52a591b7dbb" />
    <testcase name="AssignStringOfSizeCapaResultsInSizeCapa" type_param="ara::core::FixedString&lt;100ul&gt;" status="run" time="0" classname="stringTyped_test/2" TEST_ID="75803631-93e8-4555-84d1-cdb44d88adc4" />
    <testcase name="AssignStringOfSize0AndSmallerCapaResultsInSize0" type_param="ara::core::FixedString&lt;100ul&gt;" status="run" time="0" classname="stringTyped_test/2" TEST_ID="d66ee5d5-03ac-4485-ac73-b8b6f044d38a" />
    <testcase name="AssignStringWithSmallerCapaWorks" type_param="ara::core::FixedString&lt;100ul&gt;" status="run" time="0" classname="stringTyped_test/2" TEST_ID="d7bdad39-fd7f-4b32-9e3f-60e6cd246bdc" />
    <testcase name="FreshlyAssignNothingResultsInZeroSize" type_param="ara::core::FixedString&lt;100ul&gt;" status="run" time="0" classname="stringTyped_test/2" TEST_ID="c0df23ee-86f8-4821-b577-38bad21c2e77" />
    <testcase name="ReassignNothingResultsInZeroSize" type_param="ara::core::FixedString&lt;100ul&gt;" status="run" time="0" classname="stringTyped_test/2" TEST_ID="854089ee-bf0f-432c-96ce-20e83e09181c" />
    <testcase name="AssignCStringOfSizeCapaResultsInSizeCapa" type_param="ara::core::FixedString&lt;100ul&gt;" status="run" time="0" classname="stringTyped_test/2" TEST_ID="25f4f306-2303-4cc8-a42b-d0cbb600d833" />
    <testcase name="UnsafeAssignOfCStringOfSize0ResultsInSize0" type_param="ara::core::FixedString&lt;100ul&gt;" status="run" time="0" classname="stringTyped_test/2" TEST_ID="861aa3a2-4fa3-401a-b6af-2ddbb3139f69" />
    <testcase name="UnsafeAssignOfCStringOfSize1ResultsInSize1" type_param="ara::core::FixedString&lt;100ul&gt;" status="run" time="0" classname="stringTyped_test/2" TEST_ID="7b09a56c-1706-43b9-85d0-6c8bdf79f1b2" />
    <testcase name="UnsafeAssignCStringOfSizeCapaResultsInSizeCapa" type_param="ara::core::FixedString&lt;100ul&gt;" status="run" time="0" classname="stringTyped_test/2" TEST_ID="422a0400-0862-441f-a7d0-20272856800f" />
    <testcase name="UnsafeAssignCStringOfSizeGreaterCapaResultsInSize0" type_param="ara::core::FixedString&lt;100ul&gt;" status="run" time="0" classname="stringTyped_test/2" TEST_ID="6012209b-87f8-4796-b9ec-336881cf7e24" />
    <testcase name="UnsafeAssignOfInvalidCStringFails" type_param="ara::core::FixedString&lt;100ul&gt;" status="run" time="0" classname="stringTyped_test/2" TEST_ID="863d38e5-5c5f-4a78-a2ca-155205bb9ecc" />
    <testcase name="UnsafeAssignOfCharPointerPointingToSameAddress" type_param="ara::core::FixedString&lt;100ul&gt;" status="run" time="0" classname="stringTyped_test/2" TEST_ID="a129add2-4d8e-4953-ba28-b78ece5a2f02" />
    <testcase name="UnsafeAssignOfNullptrFails" type_param="ara::core::FixedString&lt;100ul&gt;" status="run" time="0" classname="stringTyped_test/2" TEST_ID="140e5402-c6b5-4a07-a0f7-2a10f6d307fb" />
    <testcase name="UnsafeAssignOfSTDStringOfSize0ResultsInSize0" type_param="ara::core::FixedString&lt;100ul&gt;" status="run" time="0" classname="stringTyped_test/2" TEST_ID="709e4c86-963b-495e-a81c-c09a84cb2320" />
    <testcase name="UnsafeAssignOfSTDStringOfSize1ResultsInSize1" type_param="ara::core::FixedString&lt;100ul&gt;" status="run" time="0" classname="stringTyped_test/2" TEST_ID="84dc3655-a4c8-46bc-afd2-059501da1c86" />
    <testcase name="UnsafeAssignSTDStringOfSizeCapaResultsInSizeCapa" type_param="ara::core::FixedString&lt;100ul&gt;" status="run" time="0" classname="stringTyped_test/2" TEST_ID="27011e92-813a-410a-ba14-fec7dfefe942" />
    <testcase name="UnsafeAssignSTDStringOfSizeGreaterCapaResultsInSize0" type_param="ara::core::FixedString&lt;100ul&gt;" status="run" time="0" classname="stringTyped_test/2" TEST_ID="72dbeffb-5787-41cf-9998-b745d8683bb4" />
    <testcase name="AssignOfInvalidSTDStringFails" type_param="ara::core::FixedString&lt;100ul&gt;" status="run" time="0" classname="stringTyped_test/2" TEST_ID="c16cec0c-40b5-43cb-adab-f95e11b96b8e" />
    <testcase name="CompareEqStringsResultsInZero" type_param="ara::core::FixedString&lt;100ul&gt;" status="run" time="0" classname="stringTyped_test/2" TEST_ID="8271fa31-3301-4d2e-a290-a4b61a70dfb5" />
    <testcase name="CompareResultNegative" type_param="ara::core::FixedString&lt;100ul&gt;" status="run" time="0" classname="stringTyped_test/2" TEST_ID="b17fc495-a82b-4ee8-af17-28afaabd3f0e" />
    <testcase name="CompareResultPositive" type_param="ara::core::FixedString&lt;100ul&gt;" status="run" time="0" classname="stringTyped_test/2" TEST_ID="ff95b244-937a-4519-90d8-8c82acf01b6b" />
    <testcase name="CompareWithEmptyStringResultsInPositive" type_param="ara::core::FixedString&lt;100ul&gt;" status="run" time="0" classname="stringTyped_test/2" TEST_ID="0495349d-2e63-442f-8214-b44d249f057f" />
    <testcase name="CompareEqStringsWithDifferentCapaResultsInZero" type_param="ara::core::FixedString&lt;100ul&gt;" status="run" time="0" classname="stringTyped_test/2" TEST_ID="ddf78ea1-b5cd-44fd-9320-6801893c30e7" />
    <testcase name="CompareResultNegativeWithDifferentCapa" type_param="ara::core::FixedString&lt;100ul&gt;" status="run" time="0" classname="stringTyped_test/2" TEST_ID="a0499ebc-249c-4b31-a1b0-0e34035e77f2" />
    <testcase name="CompareResultPositiveWithDifferentCapa" type_param="ara::core::FixedString&lt;100ul&gt;" status="run" time="0" classname="stringTyped_test/2" TEST_ID="97fed2cb-4f25-4732-9bbe-4d710b9a35f7" />
    <testcase name="CompareWithEmptyStringOfDifferentCapaResultsInPositive" type_param="ara::core::FixedString&lt;100ul&gt;" status="run" time="0" classname="stringTyped_test/2" TEST_ID="9d54c681-fc19-444b-8e1b-059ff6237a8f" />
    <testcase name="CompareOperatorEqualResultTrue" type_param="ara::core::FixedString&lt;100ul&gt;" status="run" time="0" classname="stringTyped_test/2" TEST_ID="149069dd-a2f2-441a-9d16-30aa038a7c5e" />
    <testcase name="CompareOperatorEqualResultFalse" type_param="ara::core::FixedString&lt;100ul&gt;" status="run" time="0" classname="stringTyped_test/2" TEST_ID="30c9bb50-03ea-437e-99c8-c663ed62340b" />
    <testcase name="CompareOperatorEqualResultTrueWithDifferentCapa" type_param="ara::core::FixedString&lt;100ul&gt;" status="run" time="0" classname="stringTyped_test/2" TEST_ID="10ce496d-635e-4aeb-9969-95881d1efc87" />
    <testcase name="CompareOperatorEqualResultFalseWithDifferentCapa" type_param="ara::core::FixedString&lt;100ul&gt;" status="run" time="0" classname="stringTyped_test/2" TEST_ID="15444c15-7319-4224-8519-091d2b47da22" />
    <testcase name="CompareOperatorNotEqualResultFalse" type_param="ara::core::FixedString&lt;100ul&gt;" status="run" time="0" classname="stringTyped_test/2" TEST_ID="b31770c0-2695-4fd6-b5b6-cae479852417" />
    <testcase name="CompareOperatorNotEqualResultTrue" type_param="ara::core::FixedString&lt;100ul&gt;" status="run" time="0" classname="stringTyped_test/2" TEST_ID="57db46d4-df73-49da-aa43-0dfc8ff04f44" />
    <testcase name="CompareOperatorNotEqualResultFalseWithDifferentCapa" type_param="ara::core::FixedString&lt;100ul&gt;" status="run" time="0" classname="stringTyped_test/2" TEST_ID="f5b53871-4bb0-4f2a-adea-e5335c6c4611" />
    <testcase name="CompareOperatorNotEqualResultTrueWithDifferentCapa" type_param="ara::core::FixedString&lt;100ul&gt;" status="run" time="0" classname="stringTyped_test/2" TEST_ID="394d3dd9-2304-4608-9f29-12cfaacaeef7" />
    <testcase name="CompareOperatorlessResultTrue" type_param="ara::core::FixedString&lt;100ul&gt;" status="run" time="0" classname="stringTyped_test/2" TEST_ID="cb8495ba-f2f9-4e7c-a017-f8295fcff518" />
    <testcase name="CompareOperatorlessResultFalse" type_param="ara::core::FixedString&lt;100ul&gt;" status="run" time="0" classname="stringTyped_test/2" TEST_ID="6bf80f49-f637-4207-900e-2cfec89eb556" />
    <testcase name="CompareOperatorlessResultTrueWithDifferentCapa" type_param="ara::core::FixedString&lt;100ul&gt;" status="run" time="0" classname="stringTyped_test/2" TEST_ID="bbe252cb-6fba-45d1-ad31-cac42fb73caa" />
    <testcase name="CompareOperatorlessResultFalseWithDifferentCapa" type_param="ara::core::FixedString&lt;100ul&gt;" status="run" time="0" classname="stringTyped_test/2" TEST_ID="884217ee-085b-479d-8ab1-a0476f14105c" />
    <testcase name="CompareOperatorlessEqResultTrue" type_param="ara::core::FixedString&lt;100ul&gt;" status="run" time="0" classname="stringTyped_test/2" TEST_ID="3a8ba399-4e2c-483d-835a-6d4bcbfa9a29" />
    <testcase name="CompareOperatorlessEqResultFalse" type_param="ara::core::FixedString&lt;100ul&gt;" status="run" time="0" classname="stringTyped_test/2" TEST_ID="59928731-2d4b-4122-8924-7809001fa631" />
    <testcase name="CompareOperatorlessEqResultTrueWithDifferentCapa" type_param="ara::core::FixedString&lt;100ul&gt;" status="run" time="0" classname="stringTyped_test/2" TEST_ID="60c20357-c67a-4d4f-aca7-1ce3ab84677c" />
    <testcase name="CompareOperatorlessEqResultFalseWithDifferentCapa" type_param="ara::core::FixedString&lt;100ul&gt;" status="run" time="0" classname="stringTyped_test/2" TEST_ID="9126ec2b-eb0c-4567-aa9e-8009e9910571" />
    <testcase name="CompareOperatorGreaterResultTrue" type_param="ara::core::FixedString&lt;100ul&gt;" status="run" time="0" classname="stringTyped_test/2" TEST_ID="92c81295-3169-49ac-a12f-700a5dd2179b" />
    <testcase name="CompareOperatorGreaterResultFalse" type_param="ara::core::FixedString&lt;100ul&gt;" status="run" time="0" classname="stringTyped_test/2" TEST_ID="5b3d33af-c905-44de-9ece-c66a96e59fb9" />
    <testcase name="CompareOperatorGreaterResultTrueWithDifferentCapa" type_param="ara::core::FixedString&lt;100ul&gt;" status="run" time="0" classname="stringTyped_test/2" TEST_ID="fb2b2abd-4670-44e9-a1ea-e1ae2d437ce2" />
    <testcase name="CompareOperatorGreaterResultFalseWithDifferentCapa" type_param="ara::core::FixedString&lt;100ul&gt;" status="run" time="0" classname="stringTyped_test/2" TEST_ID="5bacb492-2d28-4260-96d2-516858462054" />
    <testcase name="CompareOperatorGreaterEqResultTrue" type_param="ara::core::FixedString&lt;100ul&gt;" status="run" time="0" classname="stringTyped_test/2" TEST_ID="97184a06-2153-4b8e-93b7-0c620b90efb2" />
    <testcase name="CompareOperatorGreaterEqResultFalse" type_param="ara::core::FixedString&lt;100ul&gt;" status="run" time="0" classname="stringTyped_test/2" TEST_ID="72dca46d-86aa-4a01-b282-97b46f7f1504" />
    <testcase name="CompareOperatorGreaterEqResultTrueWithDifferentCapa" type_param="ara::core::FixedString&lt;100ul&gt;" status="run" time="0" classname="stringTyped_test/2" TEST_ID="edb0b737-630e-4305-9fd6-0f9c8be524b4" />
    <testcase name="CompareOperatorGreaterEqResultFalseWithDifferentCapa" type_param="ara::core::FixedString&lt;100ul&gt;" status="run" time="0" classname="stringTyped_test/2" TEST_ID="aa2e606e-28a2-424b-ac98-b1d194a11738" />
    <testcase name="EmptyStringToSTDStringConvResultsInZeroSize" type_param="ara::core::FixedString&lt;100ul&gt;" status="run" time="0" classname="stringTyped_test/2" TEST_ID="753888b8-12e2-4534-a2fd-32b29b457803" />
    <testcase name="StringOfSizeCapaToSTDStringConvResultsInSizeCapa" type_param="ara::core::FixedString&lt;100ul&gt;" status="run" time="0" classname="stringTyped_test/2" TEST_ID="50e727f3-c855-4613-9e38-a56429fa5748" />
    <testcase name="CompareOperatorSTDStringEqualFixedStringResultTrue" type_param="ara::core::FixedString&lt;100ul&gt;" status="run" time="0" classname="stringTyped_test/2" TEST_ID="6c048e63-2e9f-443a-8d22-380f5fc41057" />
    <testcase name="CompareOperatorSTDStringEqualFixedStringWithSameSizeResultFalse" type_param="ara::core::FixedString&lt;100ul&gt;" status="run" time="0" classname="stringTyped_test/2" TEST_ID="7500e443-43d0-4483-909e-0d4dc4c6b6bd" />
    <testcase name="CompareOperatorSTDStringEqualFixedStringResultFalse" type_param="ara::core::FixedString&lt;100ul&gt;" status="run" time="0" classname="stringTyped_test/2" TEST_ID="19e827d2-eece-47d6-a28d-efd3ad2938b4" />
    <testcase name="CompareOperatorFixedStringEqualSTDStringResultTrue" type_param="ara::core::FixedString&lt;100ul&gt;" status="run" time="0" classname="stringTyped_test/2" TEST_ID="c7a12cc3-6062-4f96-b34a-be1cd8976824" />
    <testcase name="CompareOperatorFixedStringEqualSTDStringWithSameSizeResultFalse" type_param="ara::core::FixedString&lt;100ul&gt;" status="run" time="0" classname="stringTyped_test/2" TEST_ID="558d111c-d5ba-497c-bb90-9ffee2d155d8" />
    <testcase name="CompareOperatorFixedStringEqualSTDStringResultFalse" type_param="ara::core::FixedString&lt;100ul&gt;" status="run" time="0" classname="stringTyped_test/2" TEST_ID="cd651629-e6e7-4f7f-82da-aab5517aebec" />
    <testcase name="CompareOperatorSTDStringNotEqualFixedStringResultTrue" type_param="ara::core::FixedString&lt;100ul&gt;" status="run" time="0" classname="stringTyped_test/2" TEST_ID="0c2523db-6848-49d9-99c9-43bb25edbe5d" />
    <testcase name="CompareOperatorSTDStringNotEqualFixedStringWithSameSizeResultTrue" type_param="ara::core::FixedString&lt;100ul&gt;" status="run" time="0" classname="stringTyped_test/2" TEST_ID="9e1292c3-44ac-4889-9a2f-233233cb3fe5" />
    <testcase name="CompareOperatorSTDStringNotEqualFixedStringResultFalse" type_param="ara::core::FixedString&lt;100ul&gt;" status="run" time="0" classname="stringTyped_test/2" TEST_ID="34c13d2b-9e1b-4293-9d30-c5a5969c58e8" />
    <testcase name="CompareOperatorFixedStringNotEqualSTDStringResultTrue" type_param="ara::core::FixedString&lt;100ul&gt;" status="run" time="0" classname="stringTyped_test/2" TEST_ID="d3ceaf9a-6f77-4688-be70-9a56a7b2cb78" />
    <testcase name="CompareOperatorFixedStringNotEqualSTDStringWithSameSizeResultTrue" type_param="ara::core::FixedString&lt;100ul&gt;" status="run" time="0" classname="stringTyped_test/2" TEST_ID="99a40704-9d0b-49f9-bd5c-4c87b9f2ba01" />
    <testcase name="CompareOperatorFixedStringNotEqualSTDStringResultFalse" type_param="ara::core::FixedString&lt;100ul&gt;" status="run" time="0" classname="stringTyped_test/2" TEST_ID="ad5b2551-2a6c-4da4-a421-ee02e3b39f88" />
    <testcase name="EmptyStreamInputWorks" type_param="ara::core::FixedString&lt;100ul&gt;" status="run" time="0.001" classname="stringTyped_test/2" TEST_ID="88c68194-9a9c-4f2f-a0e0-90bd72f9b102" />
    <testcase name="StreamInputOfSizeCapacityWorks" type_param="ara::core::FixedString&lt;100ul&gt;" status="run" time="0" classname="stringTyped_test/2" TEST_ID="c9b3dff3-018d-4189-818f-3534767e7ee4" />
    <testcase name="NewlyCreatedStringIsEmpty" type_param="ara::core::FixedString&lt;100ul&gt;" status="run" time="0" classname="stringTyped_test/2" TEST_ID="b76d10c1-46e2-4bc3-ab79-af187b85d584" />
    <testcase name="StringWithContentIsNotEmtpy" type_param="ara::core::FixedString&lt;100ul&gt;" status="run" time="0" classname="stringTyped_test/2" TEST_ID="bb7fd1ff-82dc-4ae2-af70-9b080eb2265d" />
    <testcase name="ConstrWithEmptyStringWithSmallerCapaWorks" type_param="ara::core::FixedString&lt;100ul&gt;" status="run" time="0" classname="stringTyped_test/2" TEST_ID="94bb789d-a98e-4eaa-8255-029a6d837d7c" />
    <testcase name="ConstrWithStringWithSmallerCapaWorks" type_param="ara::core::FixedString&lt;100ul&gt;" status="run" time="0" classname="stringTyped_test/2" TEST_ID="cebe491f-abaa-4473-8417-6c3264620f61" />
    <testcase name="MoveConstrWithEmptyStringWithSmallerCapaWorks" type_param="ara::core::FixedString&lt;100ul&gt;" status="run" time="0" classname="stringTyped_test/2" TEST_ID="76527963-8483-4689-816e-01e6803e078a" />
    <testcase name="MoveConstrWithStringSmallerCapaWorks" type_param="ara::core::FixedString&lt;100ul&gt;" status="run" time="0" classname="stringTyped_test/2" TEST_ID="4bc0b719-080b-4345-9875-a74d0b5cf77d" />
    <testcase name="AssignmentOfStringWithSmallerCapaWorks" type_param="ara::core::FixedString&lt;100ul&gt;" status="run" time="0" classname="stringTyped_test/2" TEST_ID="983c0fd2-6224-4712-9704-01367f1cd2c6" />
    <testcase name="AssignmentOfEmptyStringWithSmallerCapaWorks" type_param="ara::core::FixedString&lt;100ul&gt;" status="run" time="0" classname="stringTyped_test/2" TEST_ID="c2361b47-cc22-458e-b9bc-e295324c3216" />
    <testcase name="AssignmentOfNotEmptyStringWithSmallerCapaWorks" type_param="ara::core::FixedString&lt;100ul&gt;" status="run" time="0" classname="stringTyped_test/2" TEST_ID="66eaa759-fe92-4b94-9c1c-371f2c4fc2bf" />
    <testcase name="MoveAssignmentOfEmptyStringWithSmallerCapaWorks" type_param="ara::core::FixedString&lt;100ul&gt;" status="run" time="0" classname="stringTyped_test/2" TEST_ID="0703614e-88a6-4f5f-80c7-f0d7e51736f6" />
  </testsuite>
  <testsuite name="stringTyped_test/3" tests="109" failures="0" disabled="0" errors="0" time="0.002">
    <testcase name="EmptyInitializationResultsInSize0" type_param="ara::core::FixedString&lt;1000ul&gt;" status="run" time="0" classname="stringTyped_test/3" TEST_ID="4a1a3850-b151-4f11-8208-b286e403847d" />
    <testcase name="EmptyInitializationResultsInEmptyString" type_param="ara::core::FixedString&lt;1000ul&gt;" status="run" time="0" classname="stringTyped_test/3" TEST_ID="b4833ccc-814c-408e-a469-9950550703b9" />
    <testcase name="CopyConstructEmptyStringResultsInSize0" type_param="ara::core::FixedString&lt;1000ul&gt;" status="run" time="0" classname="stringTyped_test/3" TEST_ID="8a88b069-4c7c-425a-b515-35deeaacaae5" />
    <testcase name="CopyConstructStringOfSizeCapaResultsInSizeCapa" type_param="ara::core::FixedString&lt;1000ul&gt;" status="run" time="0" classname="stringTyped_test/3" TEST_ID="0d6bc778-8a1e-4eb5-8f87-0ebf45c5116e" />
    <testcase name="MoveConstructionWithStringOfSize0Works" type_param="ara::core::FixedString&lt;1000ul&gt;" status="run" time="0" classname="stringTyped_test/3" TEST_ID="1857ab80-bb27-4e4d-8f11-6ddf94b0cfaf" />
    <testcase name="MoveConstructionWithStringOfSizeSmallerCapaWorks" type_param="ara::core::FixedString&lt;1000ul&gt;" status="run" time="0" classname="stringTyped_test/3" TEST_ID="cb79ff56-d10f-4bb3-85a5-08c1ccc6947a" />
    <testcase name="MoveConstructionWithStringOfSizeCapaWorks" type_param="ara::core::FixedString&lt;1000ul&gt;" status="run" time="0" classname="stringTyped_test/3" TEST_ID="f313dd8a-7dc4-40e3-8203-e099e2a05305" />
    <testcase name="SelfCopyAssignmentExcluded" type_param="ara::core::FixedString&lt;1000ul&gt;" status="run" time="0" classname="stringTyped_test/3" TEST_ID="51b70520-fc11-4948-8fdf-643c638a81b9" />
    <testcase name="CopyAssignmentWithStringOfSize0Works" type_param="ara::core::FixedString&lt;1000ul&gt;" status="run" time="0" classname="stringTyped_test/3" TEST_ID="fdfca1c5-8293-4e14-beef-519729e71420" />
    <testcase name="CopyAssignmentWithStringOfSizeSmallerCapaWorks" type_param="ara::core::FixedString&lt;1000ul&gt;" status="run" time="0" classname="stringTyped_test/3" TEST_ID="b9b030db-e760-42ab-adbd-311cb5293a2e" />
    <testcase name="CopyAssignmentWithStringOfSizeCapaWorks" type_param="ara::core::FixedString&lt;1000ul&gt;" status="run" time="0" classname="stringTyped_test/3" TEST_ID="10fa4f3d-089c-4d10-83e9-5a37f7d5f0ec" />
    <testcase name="SelfMoveAssignmentExcluded" type_param="ara::core::FixedString&lt;1000ul&gt;" status="run" time="0" classname="stringTyped_test/3" TEST_ID="0ad45975-b68b-465a-b8c5-83dd8d8290d5" />
    <testcase name="MoveAssignmentOfStringWithSize0ResultsInSize0" type_param="ara::core::FixedString&lt;1000ul&gt;" status="run" time="0" classname="stringTyped_test/3" TEST_ID="7170b9d6-ff73-4e3f-a6d1-b66f6de21dcd" />
    <testcase name="MoveAssignmentOfStringWithSmallerSizeResultsInSmallerSize" type_param="ara::core::FixedString&lt;1000ul&gt;" status="run" time="0" classname="stringTyped_test/3" TEST_ID="ca455516-5ca6-4882-933b-082769eb975a" />
    <testcase name="MoveAssignmentOfStringWithSizeCapaResultsInSizeCapa" type_param="ara::core::FixedString&lt;1000ul&gt;" status="run" time="0" classname="stringTyped_test/3" TEST_ID="375944b8-6817-44d4-8a05-de9e0235c503" />
    <testcase name="CharToStringConvConstrWithSize0ResultsInSize0" type_param="ara::core::FixedString&lt;1000ul&gt;" status="run" time="0" classname="stringTyped_test/3" TEST_ID="29e9f7b8-a1c7-4462-81d0-52ef34a8b883" />
    <testcase name="CharToStringConvConstrWithSizeCapaResultsInSizeCapa" type_param="ara::core::FixedString&lt;1000ul&gt;" status="run" time="0" classname="stringTyped_test/3" TEST_ID="de81475a-527e-43e0-97b8-faf7a9300204" />
    <testcase name="UnsafeCharToStringConvConstrWithSize0ResultsInSize0" type_param="ara::core::FixedString&lt;1000ul&gt;" status="run" time="0" classname="stringTyped_test/3" TEST_ID="3ed6360e-c4a0-474b-8ed7-e6b4e129a6c0" />
    <testcase name="UnsafeCharToStringConvConstrWithSizeCapaResultsInSizeCapa" type_param="ara::core::FixedString&lt;1000ul&gt;" status="run" time="0" classname="stringTyped_test/3" TEST_ID="5c417b37-ee9d-42f9-bb25-c59c6929d4ca" />
    <testcase name="UnsafeCharToStringConvConstrWithSizeGreaterCapaResultsInSizeCapa" type_param="ara::core::FixedString&lt;1000ul&gt;" status="run" time="0" classname="stringTyped_test/3" TEST_ID="5e0a2022-ea15-43d5-aae8-980a75be6122" />
    <testcase name="UnsafeCharToStringConvConstrWithNullPtrResultsEmptyString" type_param="ara::core::FixedString&lt;1000ul&gt;" status="run" time="0" classname="stringTyped_test/3" TEST_ID="c6bbcbc6-e049-4c2c-bf84-8d89dcf42ce8" />
    <testcase name="UnsafeSTDStringToStringConvConstrWithSize0ResultsInSize0" type_param="ara::core::FixedString&lt;1000ul&gt;" status="run" time="0" classname="stringTyped_test/3" TEST_ID="83e1b7b2-8487-4c71-ac86-f4d5d98c1918" />
    <testcase name="UnsafeSTDStringToStringConvConstrWithSizeSmallerCapaResultsInSizeSmallerCapa" type_param="ara::core::FixedString&lt;1000ul&gt;" status="run" time="0" classname="stringTyped_test/3" TEST_ID="1bd6cd60-0487-4ba2-9e51-3a9297078454" />
    <testcase name="UnsafeSTDStringToStringConvConstrWithSizeCapaResultsInSizeCapa" type_param="ara::core::FixedString&lt;1000ul&gt;" status="run" time="0" classname="stringTyped_test/3" TEST_ID="afa37f19-fde0-40ab-b1bd-10862f623ae7" />
    <testcase name="UnsafeSTDStringToStringConvConstrWithSizeGreaterCapaResultsInSizeCapa" type_param="ara::core::FixedString&lt;1000ul&gt;" status="run" time="0" classname="stringTyped_test/3" TEST_ID="67cba3f0-30ed-415d-8232-8e8b5898fe04" />
    <testcase name="UnsafeCharToStringConstrWithCount0ResultsInSize0" type_param="ara::core::FixedString&lt;1000ul&gt;" status="run" time="0" classname="stringTyped_test/3" TEST_ID="6cbd9ee8-f015-41ce-8a2c-b8c023b0722a" />
    <testcase name="UnsafeCharToStringConstrWithCountEqCapaResultsInSizeCapa" type_param="ara::core::FixedString&lt;1000ul&gt;" status="run" time="0" classname="stringTyped_test/3" TEST_ID="0e62c9fe-78e7-4b6d-8c31-27270dca7581" />
    <testcase name="UnsafeCharToStringConstrWithCountGreaterCapaResultsInSizeCapa" type_param="ara::core::FixedString&lt;1000ul&gt;" status="run" time="0" classname="stringTyped_test/3" TEST_ID="d2d321ed-8ee3-4337-a7c9-4785b5ae9a67" />
    <testcase name="UnsafeCharToStringConstrWithNullPtrResultsEmptyString" type_param="ara::core::FixedString&lt;1000ul&gt;" status="run" time="0" classname="stringTyped_test/3" TEST_ID="cd772d2a-b6db-4b9d-b90d-f2a0aca4aaf6" />
    <testcase name="AssignCStringOfSize0WithOperatorResultsInSize0" type_param="ara::core::FixedString&lt;1000ul&gt;" status="run" time="0" classname="stringTyped_test/3" TEST_ID="49d08010-7a31-472d-bd99-6c6e7c49aad5" />
    <testcase name="AssignCStringOfSizeCapaWithOperatorResultsInSizeCapa" type_param="ara::core::FixedString&lt;1000ul&gt;" status="run" time="0" classname="stringTyped_test/3" TEST_ID="19b0a4af-acfa-4d9b-b432-145ab1e7f59d" />
    <testcase name="SelfAssignmentIsExcluded" type_param="ara::core::FixedString&lt;1000ul&gt;" status="run" time="0" classname="stringTyped_test/3" TEST_ID="32c07349-3924-4b86-9ce8-21247c8148b9" />
    <testcase name="AssignStringOfSize0ResultsInSize0" type_param="ara::core::FixedString&lt;1000ul&gt;" status="run" time="0" classname="stringTyped_test/3" TEST_ID="ee981dcb-80ab-439e-a3bf-a52a591b7dbb" />
    <testcase name="AssignStringOfSizeCapaResultsInSizeCapa" type_param="ara::core::FixedString&lt;1000ul&gt;" status="run" time="0" classname="stringTyped_test/3" TEST_ID="75803631-93e8-4555-84d1-cdb44d88adc4" />
    <testcase name="AssignStringOfSize0AndSmallerCapaResultsInSize0" type_param="ara::core::FixedString&lt;1000ul&gt;" status="run" time="0" classname="stringTyped_test/3" TEST_ID="d66ee5d5-03ac-4485-ac73-b8b6f044d38a" />
    <testcase name="AssignStringWithSmallerCapaWorks" type_param="ara::core::FixedString&lt;1000ul&gt;" status="run" time="0" classname="stringTyped_test/3" TEST_ID="d7bdad39-fd7f-4b32-9e3f-60e6cd246bdc" />
    <testcase name="FreshlyAssignNothingResultsInZeroSize" type_param="ara::core::FixedString&lt;1000ul&gt;" status="run" time="0" classname="stringTyped_test/3" TEST_ID="c0df23ee-86f8-4821-b577-38bad21c2e77" />
    <testcase name="ReassignNothingResultsInZeroSize" type_param="ara::core::FixedString&lt;1000ul&gt;" status="run" time="0" classname="stringTyped_test/3" TEST_ID="854089ee-bf0f-432c-96ce-20e83e09181c" />
    <testcase name="AssignCStringOfSizeCapaResultsInSizeCapa" type_param="ara::core::FixedString&lt;1000ul&gt;" status="run" time="0" classname="stringTyped_test/3" TEST_ID="25f4f306-2303-4cc8-a42b-d0cbb600d833" />
    <testcase name="UnsafeAssignOfCStringOfSize0ResultsInSize0" type_param="ara::core::FixedString&lt;1000ul&gt;" status="run" time="0" classname="stringTyped_test/3" TEST_ID="861aa3a2-4fa3-401a-b6af-2ddbb3139f69" />
    <testcase name="UnsafeAssignOfCStringOfSize1ResultsInSize1" type_param="ara::core::FixedString&lt;1000ul&gt;" status="run" time="0" classname="stringTyped_test/3" TEST_ID="7b09a56c-1706-43b9-85d0-6c8bdf79f1b2" />
    <testcase name="UnsafeAssignCStringOfSizeCapaResultsInSizeCapa" type_param="ara::core::FixedString&lt;1000ul&gt;" status="run" time="0" classname="stringTyped_test/3" TEST_ID="422a0400-0862-441f-a7d0-20272856800f" />
    <testcase name="UnsafeAssignCStringOfSizeGreaterCapaResultsInSize0" type_param="ara::core::FixedString&lt;1000ul&gt;" status="run" time="0" classname="stringTyped_test/3" TEST_ID="6012209b-87f8-4796-b9ec-336881cf7e24" />
    <testcase name="UnsafeAssignOfInvalidCStringFails" type_param="ara::core::FixedString&lt;1000ul&gt;" status="run" time="0" classname="stringTyped_test/3" TEST_ID="863d38e5-5c5f-4a78-a2ca-155205bb9ecc" />
    <testcase name="UnsafeAssignOfCharPointerPointingToSameAddress" type_param="ara::core::FixedString&lt;1000ul&gt;" status="run" time="0" classname="stringTyped_test/3" TEST_ID="a129add2-4d8e-4953-ba28-b78ece5a2f02" />
    <testcase name="UnsafeAssignOfNullptrFails" type_param="ara::core::FixedString&lt;1000ul&gt;" status="run" time="0" classname="stringTyped_test/3" TEST_ID="140e5402-c6b5-4a07-a0f7-2a10f6d307fb" />
    <testcase name="UnsafeAssignOfSTDStringOfSize0ResultsInSize0" type_param="ara::core::FixedString&lt;1000ul&gt;" status="run" time="0" classname="stringTyped_test/3" TEST_ID="709e4c86-963b-495e-a81c-c09a84cb2320" />
    <testcase name="UnsafeAssignOfSTDStringOfSize1ResultsInSize1" type_param="ara::core::FixedString&lt;1000ul&gt;" status="run" time="0" classname="stringTyped_test/3" TEST_ID="84dc3655-a4c8-46bc-afd2-059501da1c86" />
    <testcase name="UnsafeAssignSTDStringOfSizeCapaResultsInSizeCapa" type_param="ara::core::FixedString&lt;1000ul&gt;" status="run" time="0" classname="stringTyped_test/3" TEST_ID="27011e92-813a-410a-ba14-fec7dfefe942" />
    <testcase name="UnsafeAssignSTDStringOfSizeGreaterCapaResultsInSize0" type_param="ara::core::FixedString&lt;1000ul&gt;" status="run" time="0" classname="stringTyped_test/3" TEST_ID="72dbeffb-5787-41cf-9998-b745d8683bb4" />
    <testcase name="AssignOfInvalidSTDStringFails" type_param="ara::core::FixedString&lt;1000ul&gt;" status="run" time="0" classname="stringTyped_test/3" TEST_ID="c16cec0c-40b5-43cb-adab-f95e11b96b8e" />
    <testcase name="CompareEqStringsResultsInZero" type_param="ara::core::FixedString&lt;1000ul&gt;" status="run" time="0" classname="stringTyped_test/3" TEST_ID="8271fa31-3301-4d2e-a290-a4b61a70dfb5" />
    <testcase name="CompareResultNegative" type_param="ara::core::FixedString&lt;1000ul&gt;" status="run" time="0" classname="stringTyped_test/3" TEST_ID="b17fc495-a82b-4ee8-af17-28afaabd3f0e" />
    <testcase name="CompareResultPositive" type_param="ara::core::FixedString&lt;1000ul&gt;" status="run" time="0" classname="stringTyped_test/3" TEST_ID="ff95b244-937a-4519-90d8-8c82acf01b6b" />
    <testcase name="CompareWithEmptyStringResultsInPositive" type_param="ara::core::FixedString&lt;1000ul&gt;" status="run" time="0" classname="stringTyped_test/3" TEST_ID="0495349d-2e63-442f-8214-b44d249f057f" />
    <testcase name="CompareEqStringsWithDifferentCapaResultsInZero" type_param="ara::core::FixedString&lt;1000ul&gt;" status="run" time="0" classname="stringTyped_test/3" TEST_ID="ddf78ea1-b5cd-44fd-9320-6801893c30e7" />
    <testcase name="CompareResultNegativeWithDifferentCapa" type_param="ara::core::FixedString&lt;1000ul&gt;" status="run" time="0" classname="stringTyped_test/3" TEST_ID="a0499ebc-249c-4b31-a1b0-0e34035e77f2" />
    <testcase name="CompareResultPositiveWithDifferentCapa" type_param="ara::core::FixedString&lt;1000ul&gt;" status="run" time="0" classname="stringTyped_test/3" TEST_ID="97fed2cb-4f25-4732-9bbe-4d710b9a35f7" />
    <testcase name="CompareWithEmptyStringOfDifferentCapaResultsInPositive" type_param="ara::core::FixedString&lt;1000ul&gt;" status="run" time="0" classname="stringTyped_test/3" TEST_ID="9d54c681-fc19-444b-8e1b-059ff6237a8f" />
    <testcase name="CompareOperatorEqualResultTrue" type_param="ara::core::FixedString&lt;1000ul&gt;" status="run" time="0" classname="stringTyped_test/3" TEST_ID="149069dd-a2f2-441a-9d16-30aa038a7c5e" />
    <testcase name="CompareOperatorEqualResultFalse" type_param="ara::core::FixedString&lt;1000ul&gt;" status="run" time="0" classname="stringTyped_test/3" TEST_ID="30c9bb50-03ea-437e-99c8-c663ed62340b" />
    <testcase name="CompareOperatorEqualResultTrueWithDifferentCapa" type_param="ara::core::FixedString&lt;1000ul&gt;" status="run" time="0" classname="stringTyped_test/3" TEST_ID="10ce496d-635e-4aeb-9969-95881d1efc87" />
    <testcase name="CompareOperatorEqualResultFalseWithDifferentCapa" type_param="ara::core::FixedString&lt;1000ul&gt;" status="run" time="0" classname="stringTyped_test/3" TEST_ID="15444c15-7319-4224-8519-091d2b47da22" />
    <testcase name="CompareOperatorNotEqualResultFalse" type_param="ara::core::FixedString&lt;1000ul&gt;" status="run" time="0" classname="stringTyped_test/3" TEST_ID="b31770c0-2695-4fd6-b5b6-cae479852417" />
    <testcase name="CompareOperatorNotEqualResultTrue" type_param="ara::core::FixedString&lt;1000ul&gt;" status="run" time="0" classname="stringTyped_test/3" TEST_ID="57db46d4-df73-49da-aa43-0dfc8ff04f44" />
    <testcase name="CompareOperatorNotEqualResultFalseWithDifferentCapa" type_param="ara::core::FixedString&lt;1000ul&gt;" status="run" time="0" classname="stringTyped_test/3" TEST_ID="f5b53871-4bb0-4f2a-adea-e5335c6c4611" />
    <testcase name="CompareOperatorNotEqualResultTrueWithDifferentCapa" type_param="ara::core::FixedString&lt;1000ul&gt;" status="run" time="0" classname="stringTyped_test/3" TEST_ID="394d3dd9-2304-4608-9f29-12cfaacaeef7" />
    <testcase name="CompareOperatorlessResultTrue" type_param="ara::core::FixedString&lt;1000ul&gt;" status="run" time="0" classname="stringTyped_test/3" TEST_ID="cb8495ba-f2f9-4e7c-a017-f8295fcff518" />
    <testcase name="CompareOperatorlessResultFalse" type_param="ara::core::FixedString&lt;1000ul&gt;" status="run" time="0" classname="stringTyped_test/3" TEST_ID="6bf80f49-f637-4207-900e-2cfec89eb556" />
    <testcase name="CompareOperatorlessResultTrueWithDifferentCapa" type_param="ara::core::FixedString&lt;1000ul&gt;" status="run" time="0" classname="stringTyped_test/3" TEST_ID="bbe252cb-6fba-45d1-ad31-cac42fb73caa" />
    <testcase name="CompareOperatorlessResultFalseWithDifferentCapa" type_param="ara::core::FixedString&lt;1000ul&gt;" status="run" time="0" classname="stringTyped_test/3" TEST_ID="884217ee-085b-479d-8ab1-a0476f14105c" />
    <testcase name="CompareOperatorlessEqResultTrue" type_param="ara::core::FixedString&lt;1000ul&gt;" status="run" time="0" classname="stringTyped_test/3" TEST_ID="3a8ba399-4e2c-483d-835a-6d4bcbfa9a29" />
    <testcase name="CompareOperatorlessEqResultFalse" type_param="ara::core::FixedString&lt;1000ul&gt;" status="run" time="0" classname="stringTyped_test/3" TEST_ID="59928731-2d4b-4122-8924-7809001fa631" />
    <testcase name="CompareOperatorlessEqResultTrueWithDifferentCapa" type_param="ara::core::FixedString&lt;1000ul&gt;" status="run" time="0" classname="stringTyped_test/3" TEST_ID="60c20357-c67a-4d4f-aca7-1ce3ab84677c" />
    <testcase name="CompareOperatorlessEqResultFalseWithDifferentCapa" type_param="ara::core::FixedString&lt;1000ul&gt;" status="run" time="0" classname="stringTyped_test/3" TEST_ID="9126ec2b-eb0c-4567-aa9e-8009e9910571" />
    <testcase name="CompareOperatorGreaterResultTrue" type_param="ara::core::FixedString&lt;1000ul&gt;" status="run" time="0" classname="stringTyped_test/3" TEST_ID="92c81295-3169-49ac-a12f-700a5dd2179b" />
    <testcase name="CompareOperatorGreaterResultFalse" type_param="ara::core::FixedString&lt;1000ul&gt;" status="run" time="0" classname="stringTyped_test/3" TEST_ID="5b3d33af-c905-44de-9ece-c66a96e59fb9" />
    <testcase name="CompareOperatorGreaterResultTrueWithDifferentCapa" type_param="ara::core::FixedString&lt;1000ul&gt;" status="run" time="0" classname="stringTyped_test/3" TEST_ID="fb2b2abd-4670-44e9-a1ea-e1ae2d437ce2" />
    <testcase name="CompareOperatorGreaterResultFalseWithDifferentCapa" type_param="ara::core::FixedString&lt;1000ul&gt;" status="run" time="0" classname="stringTyped_test/3" TEST_ID="5bacb492-2d28-4260-96d2-516858462054" />
    <testcase name="CompareOperatorGreaterEqResultTrue" type_param="ara::core::FixedString&lt;1000ul&gt;" status="run" time="0" classname="stringTyped_test/3" TEST_ID="97184a06-2153-4b8e-93b7-0c620b90efb2" />
    <testcase name="CompareOperatorGreaterEqResultFalse" type_param="ara::core::FixedString&lt;1000ul&gt;" status="run" time="0" classname="stringTyped_test/3" TEST_ID="72dca46d-86aa-4a01-b282-97b46f7f1504" />
    <testcase name="CompareOperatorGreaterEqResultTrueWithDifferentCapa" type_param="ara::core::FixedString&lt;1000ul&gt;" status="run" time="0" classname="stringTyped_test/3" TEST_ID="edb0b737-630e-4305-9fd6-0f9c8be524b4" />
    <testcase name="CompareOperatorGreaterEqResultFalseWithDifferentCapa" type_param="ara::core::FixedString&lt;1000ul&gt;" status="run" time="0" classname="stringTyped_test/3" TEST_ID="aa2e606e-28a2-424b-ac98-b1d194a11738" />
    <testcase name="EmptyStringToSTDStringConvResultsInZeroSize" type_param="ara::core::FixedString&lt;1000ul&gt;" status="run" time="0" classname="stringTyped_test/3" TEST_ID="753888b8-12e2-4534-a2fd-32b29b457803" />
    <testcase name="StringOfSizeCapaToSTDStringConvResultsInSizeCapa" type_param="ara::core::FixedString&lt;1000ul&gt;" status="run" time="0" classname="stringTyped_test/3" TEST_ID="50e727f3-c855-4613-9e38-a56429fa5748" />
    <testcase name="CompareOperatorSTDStringEqualFixedStringResultTrue" type_param="ara::core::FixedString&lt;1000ul&gt;" status="run" time="0" classname="stringTyped_test/3" TEST_ID="6c048e63-2e9f-443a-8d22-380f5fc41057" />
    <testcase name="CompareOperatorSTDStringEqualFixedStringWithSameSizeResultFalse" type_param="ara::core::FixedString&lt;1000ul&gt;" status="run" time="0" classname="stringTyped_test/3" TEST_ID="7500e443-43d0-4483-909e-0d4dc4c6b6bd" />
    <testcase name="CompareOperatorSTDStringEqualFixedStringResultFalse" type_param="ara::core::FixedString&lt;1000ul&gt;" status="run" time="0" classname="stringTyped_test/3" TEST_ID="19e827d2-eece-47d6-a28d-efd3ad2938b4" />
    <testcase name="CompareOperatorFixedStringEqualSTDStringResultTrue" type_param="ara::core::FixedString&lt;1000ul&gt;" status="run" time="0" classname="stringTyped_test/3" TEST_ID="c7a12cc3-6062-4f96-b34a-be1cd8976824" />
    <testcase name="CompareOperatorFixedStringEqualSTDStringWithSameSizeResultFalse" type_param="ara::core::FixedString&lt;1000ul&gt;" status="run" time="0" classname="stringTyped_test/3" TEST_ID="558d111c-d5ba-497c-bb90-9ffee2d155d8" />
    <testcase name="CompareOperatorFixedStringEqualSTDStringResultFalse" type_param="ara::core::FixedString&lt;1000ul&gt;" status="run" time="0" classname="stringTyped_test/3" TEST_ID="cd651629-e6e7-4f7f-82da-aab5517aebec" />
    <testcase name="CompareOperatorSTDStringNotEqualFixedStringResultTrue" type_param="ara::core::FixedString&lt;1000ul&gt;" status="run" time="0" classname="stringTyped_test/3" TEST_ID="0c2523db-6848-49d9-99c9-43bb25edbe5d" />
    <testcase name="CompareOperatorSTDStringNotEqualFixedStringWithSameSizeResultTrue" type_param="ara::core::FixedString&lt;1000ul&gt;" status="run" time="0" classname="stringTyped_test/3" TEST_ID="9e1292c3-44ac-4889-9a2f-233233cb3fe5" />
    <testcase name="CompareOperatorSTDStringNotEqualFixedStringResultFalse" type_param="ara::core::FixedString&lt;1000ul&gt;" status="run" time="0" classname="stringTyped_test/3" TEST_ID="34c13d2b-9e1b-4293-9d30-c5a5969c58e8" />
    <testcase name="CompareOperatorFixedStringNotEqualSTDStringResultTrue" type_param="ara::core::FixedString&lt;1000ul&gt;" status="run" time="0" classname="stringTyped_test/3" TEST_ID="d3ceaf9a-6f77-4688-be70-9a56a7b2cb78" />
    <testcase name="CompareOperatorFixedStringNotEqualSTDStringWithSameSizeResultTrue" type_param="ara::core::FixedString&lt;1000ul&gt;" status="run" time="0" classname="stringTyped_test/3" TEST_ID="99a40704-9d0b-49f9-bd5c-4c87b9f2ba01" />
    <testcase name="CompareOperatorFixedStringNotEqualSTDStringResultFalse" type_param="ara::core::FixedString&lt;1000ul&gt;" status="run" time="0" classname="stringTyped_test/3" TEST_ID="ad5b2551-2a6c-4da4-a421-ee02e3b39f88" />
    <testcase name="EmptyStreamInputWorks" type_param="ara::core::FixedString&lt;1000ul&gt;" status="run" time="0" classname="stringTyped_test/3" TEST_ID="88c68194-9a9c-4f2f-a0e0-90bd72f9b102" />
    <testcase name="StreamInputOfSizeCapacityWorks" type_param="ara::core::FixedString&lt;1000ul&gt;" status="run" time="0" classname="stringTyped_test/3" TEST_ID="c9b3dff3-018d-4189-818f-3534767e7ee4" />
    <testcase name="NewlyCreatedStringIsEmpty" type_param="ara::core::FixedString&lt;1000ul&gt;" status="run" time="0" classname="stringTyped_test/3" TEST_ID="b76d10c1-46e2-4bc3-ab79-af187b85d584" />
    <testcase name="StringWithContentIsNotEmtpy" type_param="ara::core::FixedString&lt;1000ul&gt;" status="run" time="0" classname="stringTyped_test/3" TEST_ID="bb7fd1ff-82dc-4ae2-af70-9b080eb2265d" />
    <testcase name="ConstrWithEmptyStringWithSmallerCapaWorks" type_param="ara::core::FixedString&lt;1000ul&gt;" status="run" time="0" classname="stringTyped_test/3" TEST_ID="94bb789d-a98e-4eaa-8255-029a6d837d7c" />
    <testcase name="ConstrWithStringWithSmallerCapaWorks" type_param="ara::core::FixedString&lt;1000ul&gt;" status="run" time="0" classname="stringTyped_test/3" TEST_ID="cebe491f-abaa-4473-8417-6c3264620f61" />
    <testcase name="MoveConstrWithEmptyStringWithSmallerCapaWorks" type_param="ara::core::FixedString&lt;1000ul&gt;" status="run" time="0" classname="stringTyped_test/3" TEST_ID="76527963-8483-4689-816e-01e6803e078a" />
    <testcase name="MoveConstrWithStringSmallerCapaWorks" type_param="ara::core::FixedString&lt;1000ul&gt;" status="run" time="0" classname="stringTyped_test/3" TEST_ID="4bc0b719-080b-4345-9875-a74d0b5cf77d" />
    <testcase name="AssignmentOfStringWithSmallerCapaWorks" type_param="ara::core::FixedString&lt;1000ul&gt;" status="run" time="0" classname="stringTyped_test/3" TEST_ID="983c0fd2-6224-4712-9704-01367f1cd2c6" />
    <testcase name="AssignmentOfEmptyStringWithSmallerCapaWorks" type_param="ara::core::FixedString&lt;1000ul&gt;" status="run" time="0" classname="stringTyped_test/3" TEST_ID="c2361b47-cc22-458e-b9bc-e295324c3216" />
    <testcase name="AssignmentOfNotEmptyStringWithSmallerCapaWorks" type_param="ara::core::FixedString&lt;1000ul&gt;" status="run" time="0" classname="stringTyped_test/3" TEST_ID="66eaa759-fe92-4b94-9c1c-371f2c4fc2bf" />
    <testcase name="MoveAssignmentOfEmptyStringWithSmallerCapaWorks" type_param="ara::core::FixedString&lt;1000ul&gt;" status="run" time="0" classname="stringTyped_test/3" TEST_ID="0703614e-88a6-4f5f-80c7-f0d7e51736f6" />
  </testsuite>
  <testsuite name="CharArrayAssignment" tests="3" failures="0" disabled="0" errors="0" time="0">
    <testcase name="AssignCharArrayWithStringSizeLessThanArraySize" status="run" time="0" classname="CharArrayAssignment" TEST_ID="886f580d-e57c-4685-90bf-2399737779be" />
    <testcase name="AssignZeroTerminatedCharArrayWithSizeForFullCapa" status="run" time="0" classname="CharArrayAssignment" TEST_ID="884e724a-f5d3-41d1-89fa-96f55ce99a96" />
    <testcase name="AssignNonZeroTerminatedCharArrayOfSizeForFullCapa" status="run" time="0" classname="CharArrayAssignment" TEST_ID="2a43553f-4358-4c41-a885-1495de0d7f4f" />
  </testsuite>
  <testsuite name="String100" tests="2" failures="0" disabled="0" errors="0" time="0">
    <testcase name="CompareStringsInclNullCharacterWorks" status="run" time="0" classname="String100" TEST_ID="a6c1b983-a88c-46bb-a38f-33947e52f209" />
    <testcase name="CompareStringsWithDifferentCapaInclNullCharacterWorks" status="run" time="0" classname="String100" TEST_ID="fe260cb6-5d77-42b1-89b8-073c9ea9593d" />
  </testsuite>
</testsuites>
