<?xml version="1.0" encoding="UTF-8"?>
<testsuites tests="16" failures="0" disabled="0" errors="0" timestamp="2023-04-27T06:59:44" time="0" name="AllTests">
  <testsuite name="ErrorCodeTest" tests="16" failures="0" disabled="0" errors="0" time="0">
    <testcase name="StaticTypeProperties" status="run" time="0" classname="ErrorCodeTest" />
    <testcase name="Constructor1_WorksConstexpr" status="run" time="0" classname="ErrorCodeTest" />
    <testcase name="Constructor2_WorksConstexpr" status="run" time="0" classname="ErrorCodeTest" />
    <testcase name="Constructor_Implicit_WorksConstexpr" status="run" time="0" classname="ErrorCodeTest" />
    <testcase name="Comparison_IsConstexpr" status="run" time="0" classname="ErrorCodeTest" />
    <testcase name="Equals_ConsidersDomain" status="run" time="0" classname="ErrorCodeTest" />
    <testcase name="Equals_ConsidersValue" status="run" time="0" classname="ErrorCodeTest" />
    <testcase name="Equals_IgnoresSupportData" status="run" time="0" classname="ErrorCodeTest" />
    <testcase name="CopyCtor_Works" status="run" time="0" classname="ErrorCodeTest" />
    <testcase name="CopyAssignment_Works" status="run" time="0" classname="ErrorCodeTest" />
    <testcase name="MoveCtor_Works" status="run" time="0" classname="ErrorCodeTest" />
    <testcase name="MoveAssignment_Works" status="run" time="0" classname="ErrorCodeTest" />
    <testcase name="ThrowAsException_Works" status="run" time="0" classname="ErrorCodeTest" />
    <testcase name="Message" status="run" time="0" classname="ErrorCodeTest" />
    <testcase name="GetDomainId" status="run" time="0" classname="ErrorCodeTest" />
    <testcase name="ThrowOrTerminate" status="run" time="0" classname="ErrorCodeTest" />
  </testsuite>
</testsuites>
