<?xml version="1.0" encoding="UTF-8"?>
<testsuites tests="112" failures="0" disabled="0" errors="0" timestamp="2023-04-27T06:59:33" time="0.001" name="AllTests">
  <testsuite name="StringTest" tests="112" failures="0" disabled="0" errors="0" time="0.001">
    <testcase name="TypeIsAvailableAndCompilable" status="run" time="0" classname="StringTest" />
    <testcase name="DefaultConstructor" status="run" time="0" classname="StringTest" />
    <testcase name="ConstructFromStringView" status="run" time="0" classname="StringTest" />
    <testcase name="ConstructFromTypeConvertibleToStringView" status="run" time="0" classname="StringTest" />
    <testcase name="ConstructFromTypeConvertibleToStringViewPart" status="run" time="0" classname="StringTest" />
    <testcase name="ConstructFromStdString" status="run" time="0" classname="StringTest" />
    <testcase name="AssignStandard" status="run" time="0" classname="StringTest" />
    <testcase name="AssignFromStringView" status="run" time="0" classname="StringTest" />
    <testcase name="AssignFromStringViewPart" status="run" time="0" classname="StringTest" />
    <testcase name="AppendStandard" status="run" time="0" classname="StringTest" />
    <testcase name="AppendStringView" status="run" time="0" classname="StringTest" />
    <testcase name="AppendStringViewPart" status="run" time="0" classname="StringTest" />
    <testcase name="CopyAssignStdString" status="run" time="0" classname="StringTest" />
    <testcase name="CopyAssignStringView" status="run" time="0" classname="StringTest" />
    <testcase name="AppendOperatorChar" status="run" time="0" classname="StringTest" />
    <testcase name="AppendOperatorStringView" status="run" time="0" classname="StringTest" />
    <testcase name="ImplicitConversionToStringView" status="run" time="0" classname="StringTest" />
    <testcase name="InsertStandard" status="run" time="0" classname="StringTest" />
    <testcase name="InsertStringView" status="run" time="0" classname="StringTest" />
    <testcase name="InsertStringViewPart" status="run" time="0" classname="StringTest" />
    <testcase name="ReplaceStandard" status="run" time="0" classname="StringTest" />
    <testcase name="ReplaceStringView" status="run" time="0" classname="StringTest" />
    <testcase name="ReplaceStringViewPart" status="run" time="0" classname="StringTest" />
    <testcase name="ReplaceViaIterators" status="run" time="0" classname="StringTest" />
    <testcase name="CompareStandard" status="run" time="0" classname="StringTest" />
    <testcase name="CompareWithStringView" status="run" time="0" classname="StringTest" />
    <testcase name="ComparePartWithStringView" status="run" time="0" classname="StringTest" />
    <testcase name="ComparePartWithStringViewPart" status="run" time="0" classname="StringTest" />
    <testcase name="compare" status="run" time="0" classname="StringTest" />
    <testcase name="FindStandard" status="run" time="0" classname="StringTest" />
    <testcase name="FindStringView" status="run" time="0" classname="StringTest" />
    <testcase name="RFindStringView" status="run" time="0" classname="StringTest" />
    <testcase name="FindFirstOfStringView" status="run" time="0" classname="StringTest" />
    <testcase name="FindLastOfStringView" status="run" time="0" classname="StringTest" />
    <testcase name="FindFirstNotOfStringView" status="run" time="0" classname="StringTest" />
    <testcase name="FindLastNotOfStringView" status="run" time="0" classname="StringTest" />
    <testcase name="GlobalComparisonOperatorsWork" status="run" time="0" classname="StringTest" />
    <testcase name="ToStringWorks" status="run" time="0" classname="StringTest" />
    <testcase name="ToStreamWorks" status="run" time="0" classname="StringTest" />
    <testcase name="SwapOverloadWorks" status="run" time="0" classname="StringTest" />
    <testcase name="constructor5" status="run" time="0" classname="StringTest" />
    <testcase name="operatorAssignmentCopy" status="run" time="0" classname="StringTest" />
    <testcase name="operatorAssignmentMove" status="run" time="0" classname="StringTest" />
    <testcase name="operatorconstPointer" status="run" time="0" classname="StringTest" />
    <testcase name="operatorChar" status="run" time="0" classname="StringTest" />
    <testcase name="OperatorInitializerList" status="run" time="0" classname="StringTest" />
    <testcase name="OperatorPlusAndEquelTo1" status="run" time="0" classname="StringTest" />
    <testcase name="OperatorPlusAndEquelTo2" status="run" time="0" classname="StringTest" />
    <testcase name="OperatorPlusAndEquelTo3" status="run" time="0" classname="StringTest" />
    <testcase name="append4" status="run" time="0" classname="StringTest" />
    <testcase name="append7" status="run" time="0" classname="StringTest" />
    <testcase name="append8" status="run" time="0" classname="StringTest" />
    <testcase name="assign4" status="run" time="0" classname="StringTest" />
    <testcase name="replace1" status="run" time="0.001" classname="StringTest" />
    <testcase name="replace2" status="run" time="0" classname="StringTest" />
    <testcase name="replace4" status="run" time="0" classname="StringTest" />
    <testcase name="replace5" status="run" time="0" classname="StringTest" />
    <testcase name="replace6" status="run" time="0" classname="StringTest" />
    <testcase name="replace7" status="run" time="0" classname="StringTest" />
    <testcase name="replace8" status="run" time="0" classname="StringTest" />
    <testcase name="insert1" status="run" time="0" classname="StringTest" />
    <testcase name="insert2" status="run" time="0" classname="StringTest" />
    <testcase name="insert3" status="run" time="0" classname="StringTest" />
    <testcase name="insert4" status="run" time="0" classname="StringTest" />
    <testcase name="insert5" status="run" time="0" classname="StringTest" />
    <testcase name="insert6" status="run" time="0" classname="StringTest" />
    <testcase name="erase1" status="run" time="0" classname="StringTest" />
    <testcase name="erase2" status="run" time="0" classname="StringTest" />
    <testcase name="erase3" status="run" time="0" classname="StringTest" />
    <testcase name="erase4" status="run" time="0" classname="StringTest" />
    <testcase name="length" status="run" time="0" classname="StringTest" />
    <testcase name="max_size" status="run" time="0" classname="StringTest" />
    <testcase name="capacity" status="run" time="0" classname="StringTest" />
    <testcase name="reserve" status="run" time="0" classname="StringTest" />
    <testcase name="resize" status="run" time="0" classname="StringTest" />
    <testcase name="shrink_to_fit" status="run" time="0" classname="StringTest" />
    <testcase name="clear" status="run" time="0" classname="StringTest" />
    <testcase name="data" status="run" time="0" classname="StringTest" />
    <testcase name="front" status="run" time="0" classname="StringTest" />
    <testcase name="front_const" status="run" time="0" classname="StringTest" />
    <testcase name="back" status="run" time="0" classname="StringTest" />
    <testcase name="back_const" status="run" time="0" classname="StringTest" />
    <testcase name="push_back" status="run" time="0" classname="StringTest" />
    <testcase name="pop_back" status="run" time="0" classname="StringTest" />
    <testcase name="substr" status="run" time="0" classname="StringTest" />
    <testcase name="swap" status="run" time="0" classname="StringTest" />
    <testcase name="begin" status="run" time="0" classname="StringTest" />
    <testcase name="cbegin" status="run" time="0" classname="StringTest" />
    <testcase name="end" status="run" time="0" classname="StringTest" />
    <testcase name="cend" status="run" time="0" classname="StringTest" />
    <testcase name="rbegin" status="run" time="0" classname="StringTest" />
    <testcase name="rbegin_const" status="run" time="0" classname="StringTest" />
    <testcase name="crbegin" status="run" time="0" classname="StringTest" />
    <testcase name="crbegin_const" status="run" time="0" classname="StringTest" />
    <testcase name="rend" status="run" time="0" classname="StringTest" />
    <testcase name="rend_const" status="run" time="0" classname="StringTest" />
    <testcase name="get_allocator" status="run" time="0" classname="StringTest" />
    <testcase name="plusOperator1" status="run" time="0" classname="StringTest" />
    <testcase name="plusOperator2" status="run" time="0" classname="StringTest" />
    <testcase name="plusOperator3" status="run" time="0" classname="StringTest" />
    <testcase name="plusOperator4" status="run" time="0" classname="StringTest" />
    <testcase name="plusOperator5" status="run" time="0" classname="StringTest" />
    <testcase name="EquelToOperator1" status="run" time="0" classname="StringTest" />
    <testcase name="EquelToOperator2" status="run" time="0" classname="StringTest" />
    <testcase name="LessthanOperator" status="run" time="0" classname="StringTest" />
    <testcase name="GreaterthanOperator" status="run" time="0" classname="StringTest" />
    <testcase name="LessthanOrEquelOperator" status="run" time="0" classname="StringTest" />
    <testcase name="GreaterthanOrEquelOperator" status="run" time="0" classname="StringTest" />
    <testcase name="operatorEquelTo" status="run" time="0" classname="StringTest" />
    <testcase name="MoveAssignStdBasicString" status="run" time="0" classname="StringTest" />
    <testcase name="IsStreamWorks" status="run" time="0" classname="StringTest" />
    <testcase name="rendString" status="run" time="0" classname="StringTest" />
  </testsuite>
</testsuites>
