<?xml version="1.0" encoding="UTF-8"?>
<testsuites tests="6" failures="0" disabled="0" errors="0" timestamp="2023-04-27T06:58:49" time="1" name="AllTests">
  <testsuite name="InitTest" tests="6" failures="0" disabled="0" errors="0" time="1">
    <testcase name="Initialize" status="run" time="0" classname="InitTest" />
    <testcase name="Deinitialize" status="run" time="0" classname="InitTest" />
    <testcase name="ConvertStringVectorToLogMode" status="run" time="0" classname="InitTest" />
    <testcase name="ConvertStringToLogLevel" status="run" time="0" classname="InitTest" />
    <testcase name="Initialize2" status="run" time="0" classname="InitTest" />
    <testcase name="ConfigureLogging" status="run" time="1" classname="InitTest" />
  </testsuite>
</testsuites>
