<?xml version="1.0" encoding="UTF-8"?>
<testsuites tests="7" failures="0" disabled="0" errors="0" timestamp="2023-04-27T07:01:28" time="0.152" name="AllTests">
  <testsuite name="ThreadTest" tests="7" failures="0" disabled="0" errors="0" time="0.152">
    <testcase name="CreateThreadWithNonEmptyCallableSucceeds" status="run" time="0.001" classname="ThreadTest" TEST_ID="0d1e439d-c84e-4a46-ac45-dc8be7530c32" />
    <testcase name="DtorOfThreadBlocksUntilCallbackHasFinished" status="run" time="0.1" classname="ThreadTest" TEST_ID="1062a036-e825-4f30-bfb8-00d5de47fdfd" />
    <testcase name="SetAndGetWithEmptyThreadNameIsWorking" status="run" time="0.01" classname="ThreadTest" TEST_ID="ba2ed4d9-f051-4ad1-a2df-6741134c494f" />
    <testcase name="SetAndGetWithThreadNameCapacityIsWorking" status="run" time="0.01" classname="ThreadTest" TEST_ID="a67128fe-a779-4bdb-a849-3bcbfed4b20f" />
    <testcase name="SetAndGetSmallStringIsWorking" status="run" time="0.011" classname="ThreadTest" TEST_ID="b5141d3c-2721-478c-b3d1-f35fb3321117" />
    <testcase name="SettheThreadName" status="run" time="0.01" classname="ThreadTest" />
    <testcase name="GetTheThreadName" status="run" time="0.01" classname="ThreadTest" />
  </testsuite>
</testsuites>
