<?xml version="1.0" encoding="UTF-8"?>
<testsuites tests="35" failures="0" disabled="0" errors="0" timestamp="2023-04-27T07:01:45" time="1.493" name="AllTests">
  <testsuite name="ConditionVariable_test" tests="32" failures="0" disabled="0" errors="0" time="0.493">
    <testcase name="ConditionListenerIsNeitherCopyNorMovable" status="run" time="0.001" classname="ConditionVariable_test" TEST_ID="2105fbcf-ed66-4042-aae3-46c2bb82a63c" />
    <testcase name="ConditionNotifierIsNeitherCopyNorMovable" status="run" time="0" classname="ConditionVariable_test" TEST_ID="51b971ea-2fb1-4280-8663-6f86c70ee06a" />
    <testcase name="NotifyOnceResultsInBeingTriggered" status="run" time="0" classname="ConditionVariable_test" TEST_ID="372125d2-82b4-4729-bc93-661578af4739" />
    <testcase name="NoNotifyResultsInNotBeingTriggered" status="run" time="0" classname="ConditionVariable_test" TEST_ID="abe8a485-63d3-486a-b62a-94648b7f7954" />
    <testcase name="WaitResetsAllNotificationsInWait" status="run" time="0.1" classname="ConditionVariable_test" TEST_ID="ebc9c42a-14e7-471c-a9df-9c5641b5767d" />
    <testcase name="WaitAndNotifyResultsInImmediateTriggerMultiThreaded" status="run" time="0" classname="ConditionVariable_test" TEST_ID="39b40c73-3dcc-4af6-9682-b62816c69854" />
    <testcase name="AllNotificationsAreFalseAfterConstruction" status="run" time="0.001" classname="ConditionVariable_test" TEST_ID="4e5f6dbc-84cc-468a-9d64-f5ed88012ebc" />
    <testcase name="CorrectRuntimeNameAfterConstructionWithRuntimeName" status="run" time="0" classname="ConditionVariable_test" TEST_ID="acc65071-09ec-40ce-82b4-74964525fabf" />
    <testcase name="AllNotificationsAreFalseAfterConstructionWithRuntimeName" status="run" time="0.001" classname="ConditionVariable_test" TEST_ID="4825e152-08e3-414e-a34f-d93d048f84b8" />
    <testcase name="NotifyActivatesCorrectIndex" status="run" time="0" classname="ConditionVariable_test" TEST_ID="2c372bcc-7e91-47c1-8ab9-ccd5be048562" />
    <testcase name="TimedWaitWithZeroTimeoutWorks" status="run" time="0.001" classname="ConditionVariable_test" TEST_ID="582f0b1c-c717-410e-8143-61459db672ad" />
    <testcase name="TimedWaitWithoutNotificationReturnsEmptyVector" status="run" time="0.1" classname="ConditionVariable_test" TEST_ID="15aaf499-9731-4c53-88f3-88af4983eae0" />
    <testcase name="TimedWaitReturnsOneNotifiedIndex" status="run" time="0" classname="ConditionVariable_test" TEST_ID="bf9ed236-bba9-43cd-84b2-6769d7f47d50" />
    <testcase name="TimedWaitReturnsMultipleNotifiedIndices" status="run" time="0" classname="ConditionVariable_test" TEST_ID="771c2c11-effb-435a-9c67-a7d9471fdb6e" />
    <testcase name="TimedWaitReturnsAllNotifiedIndices" status="run" time="0.001" classname="ConditionVariable_test" TEST_ID="38ee654b-228a-4462-9614-2901cb5272aa" />
    <testcase name="TimingTest_TimedWaitBlocksUntilTimeout" status="run" time="0.132" classname="ConditionVariable_test" TEST_ID="c755aec9-43c3-4bf4-bec4-5672c76561ef" />
    <testcase name="TimingTest_TimedWaitBlocksUntilNotification" status="run" time="0.05" classname="ConditionVariable_test" TEST_ID="b2999ddd-d072-4c9f-975e-fc8acc31397d" />
    <testcase name="WaitIsNonBlockingAfterDestroyAndReturnsEmptyVector" status="run" time="0.001" classname="ConditionVariable_test" TEST_ID="39bd43c0-c310-4f42-8baa-6873fbbbe705" />
    <testcase name="WaitIsNonBlockingAfterDestroyAndNotifyAndReturnsEmptyVector" status="run" time="0" classname="ConditionVariable_test" TEST_ID="b803fc3e-f3a6-405c-86a0-ecedc06d0c05" />
    <testcase name="DestroyWakesUpWaitWhichReturnsEmptyVector" status="run" time="0" classname="ConditionVariable_test" TEST_ID="ed0e434c-6efd-4218-88a8-9332e33f92fd" />
    <testcase name="GetCorrectNotificationVectorAfterNotifyAndWait" status="run" time="0" classname="ConditionVariable_test" TEST_ID="41a25c52-a358-4e94-b4a5-f315fb5124cd" />
    <testcase name="GetCorrectNotificationVectorAfterMultipleNotifyAndWait" status="run" time="0" classname="ConditionVariable_test" TEST_ID="5b09bb18-e6c7-42cb-bb34-2da0dd26ca06" />
    <testcase name="WaitAndNotifyResultsInCorrectNotificationVector" status="run" time="0" classname="ConditionVariable_test" TEST_ID="4cac0ad0-083b-43dd-867e-dd6abb0291e8" />
    <testcase name="TimingTest_WaitBlocks" status="run" time="0.02" classname="ConditionVariable_test" TEST_ID="09d9ad43-ba97-4331-9a6b-ca22d2dbddb8" />
    <testcase name="TimingTest_SecondWaitBlocksUntilNewNotification" status="run" time="0.021" classname="ConditionVariable_test" TEST_ID="dcbd55ee-e401-42cb-bbf2-a266058c2e76" />
    <testcase name="WaitReturnsSortedListWhenTriggeredInOrder" status="run" time="0.001" classname="ConditionVariable_test" TEST_ID="d9cfc71a--41f8-b66f-486bdf5d27bc" />
    <testcase name="TimedWaitReturnsSortedListWhenTriggeredInOrder" status="run" time="0" classname="ConditionVariable_test" TEST_ID="e9f875f6-c8ff-4c9c-aafa-78f7c0942bba" />
    <testcase name="WaitReturnsSortedListWhenTriggeredInReverseOrder" status="run" time="0.001" classname="ConditionVariable_test" TEST_ID="a28eb73d-c279-46ed-b6f8-369b10045ea5" />
    <testcase name="TimedWaitReturnsSortedListWhenTriggeredInReverseOrder" status="run" time="0.001" classname="ConditionVariable_test" TEST_ID="53050a1c-fb1c-42aa-a376-bfb095bf5f94" />
    <testcase name="TimingTest_SecondWaitBlocksUntilNewNotification2" status="run" time="0.02" classname="ConditionVariable_test" TEST_ID="dcbd55ee-e401-42cb-bbf2-a266058c2e76" />
    <testcase name="TimingTest_SecondWaitBlocksUntilNewNotification3" status="run" time="0.021" classname="ConditionVariable_test" TEST_ID="dcbd55ee-e401-42cb-bbf2-a266058c2e76" />
    <testcase name="TimingTest_SecondWaitBlocksUntilNewNotification4" status="run" time="0.02" classname="ConditionVariable_test" TEST_ID="dcbd55ee-e401-42cb-bbf2-a266058c2e76" />
  </testsuite>
  <testsuite name="ConditionVariableData" tests="3" failures="0" disabled="0" errors="0" time="1">
    <testcase name="ErrorGeneration" status="run" time="0" classname="ConditionVariableData" />
    <testcase name="asStringLiteral" status="run" time="0" classname="ConditionVariableData" />
    <testcase name="dummy" status="run" time="1" classname="ConditionVariableData" />
  </testsuite>
</testsuites>
